[2021-12-13 15:02:57] local.ERROR: file_put_contents(C:\Users\BUIQUOCHUY\Desktop\WEBEZJOB\DoAnWebBE\storage\framework/sessions/zpcZ0J6wW4jOqWTJUXAd0xugJGgNUC1IcdBeguQa): failed to open stream: No such file or directory {"exception":"[object] (ErrorException(code: 0): file_put_contents(C:\\Users\\BUIQUOCHUY\\Desktop\\WEBEZJOB\\DoAnWebBE\\storage\\framework/sessions/zpcZ0J6wW4jOqWTJUXAd0xugJGgNUC1IcdBeguQa): failed to open stream: No such file or directory at C:\\Users\\BUIQUOCHUY\\Desktop\\WEBEZJOB\\DoAnWebBE\\vendor\\laravel\\framework\\src\\Illuminate\\Filesystem\\Filesystem.php:122)
[stacktrace]
#0 [internal function]: Illuminate\\Foundation\\Bootstrap\\HandleExceptions->handleError(2, 'file_put_conten...', 'C:\\\\Users\\\\BUIQUO...', 122, Array)
#1 C:\\Users\\BUIQUOCHUY\\Desktop\\WEBEZJOB\\DoAnWebBE\\vendor\\laravel\\framework\\src\\Illuminate\\Filesystem\\Filesystem.php(122): file_put_contents('C:\\\\Users\\\\BUIQUO...', 'a:4:{s:6:\"_toke...', 2)
#2 C:\\Users\\BUIQUOCHUY\\Desktop\\WEBEZJOB\\DoAnWebBE\\vendor\\laravel\\framework\\src\\Illuminate\\Session\\FileSessionHandler.php(83): Illuminate\\Filesystem\\Filesystem->put('C:\\\\Users\\\\BUIQUO...', 'a:4:{s:6:\"_toke...', true)
#3 C:\\Users\\BUIQUOCHUY\\Desktop\\WEBEZJOB\\DoAnWebBE\\vendor\\laravel\\framework\\src\\Illuminate\\Session\\Store.php(129): Illuminate\\Session\\FileSessionHandler->write('zpcZ0J6wW4jOqWT...', 'a:4:{s:6:\"_toke...')
#4 C:\\Users\\BUIQUOCHUY\\Desktop\\WEBEZJOB\\DoAnWebBE\\vendor\\laravel\\framework\\src\\Illuminate\\Session\\Middleware\\StartSession.php(170): Illuminate\\Session\\Store->save()
#5 C:\\Users\\BUIQUOCHUY\\Desktop\\WEBEZJOB\\DoAnWebBE\\vendor\\laravel\\framework\\src\\Illuminate\\Session\\Middleware\\StartSession.php(65): Illuminate\\Session\\Middleware\\StartSession->saveSession(Object(Illuminate\\Http\\Request))
#6 C:\\Users\\BUIQUOCHUY\\Desktop\\WEBEZJOB\\DoAnWebBE\\vendor\\laravel\\framework\\src\\Illuminate\\Pipeline\\Pipeline.php(163): Illuminate\\Session\\Middleware\\StartSession->handle(Object(Illuminate\\Http\\Request), Object(Closure))
#7 C:\\Users\\BUIQUOCHUY\\Desktop\\WEBEZJOB\\DoAnWebBE\\vendor\\laravel\\framework\\src\\Illuminate\\Routing\\Pipeline.php(53): Illuminate\\Pipeline\\Pipeline->Illuminate\\Pipeline\\{closure}(Object(Illuminate\\Http\\Request))
#8 C:\\Users\\BUIQUOCHUY\\Desktop\\WEBEZJOB\\DoAnWebBE\\vendor\\laravel\\framework\\src\\Illuminate\\Cookie\\Middleware\\AddQueuedCookiesToResponse.php(37): Illuminate\\Routing\\Pipeline->Illuminate\\Routing\\{closure}(Object(Illuminate\\Http\\Request))
#9 C:\\Users\\BUIQUOCHUY\\Desktop\\WEBEZJOB\\DoAnWebBE\\vendor\\laravel\\framework\\src\\Illuminate\\Pipeline\\Pipeline.php(163): Illuminate\\Cookie\\Middleware\\AddQueuedCookiesToResponse->handle(Object(Illuminate\\Http\\Request), Object(Closure))
#10 C:\\Users\\BUIQUOCHUY\\Desktop\\WEBEZJOB\\DoAnWebBE\\vendor\\laravel\\framework\\src\\Illuminate\\Routing\\Pipeline.php(53): Illuminate\\Pipeline\\Pipeline->Illuminate\\Pipeline\\{closure}(Object(Illuminate\\Http\\Request))
#11 C:\\Users\\BUIQUOCHUY\\Desktop\\WEBEZJOB\\DoAnWebBE\\vendor\\laravel\\framework\\src\\Illuminate\\Cookie\\Middleware\\EncryptCookies.php(66): Illuminate\\Routing\\Pipeline->Illuminate\\Routing\\{closure}(Object(Illuminate\\Http\\Request))
#12 C:\\Users\\BUIQUOCHUY\\Desktop\\WEBEZJOB\\DoAnWebBE\\vendor\\laravel\\framework\\src\\Illuminate\\Pipeline\\Pipeline.php(163): Illuminate\\Cookie\\Middleware\\EncryptCookies->handle(Object(Illuminate\\Http\\Request), Object(Closure))
#13 C:\\Users\\BUIQUOCHUY\\Desktop\\WEBEZJOB\\DoAnWebBE\\vendor\\laravel\\framework\\src\\Illuminate\\Routing\\Pipeline.php(53): Illuminate\\Pipeline\\Pipeline->Illuminate\\Pipeline\\{closure}(Object(Illuminate\\Http\\Request))
#14 C:\\Users\\BUIQUOCHUY\\Desktop\\WEBEZJOB\\DoAnWebBE\\vendor\\laravel\\framework\\src\\Illuminate\\Pipeline\\Pipeline.php(104): Illuminate\\Routing\\Pipeline->Illuminate\\Routing\\{closure}(Object(Illuminate\\Http\\Request))
#15 C:\\Users\\BUIQUOCHUY\\Desktop\\WEBEZJOB\\DoAnWebBE\\vendor\\laravel\\framework\\src\\Illuminate\\Routing\\Router.php(682): Illuminate\\Pipeline\\Pipeline->then(Object(Closure))
#16 C:\\Users\\BUIQUOCHUY\\Desktop\\WEBEZJOB\\DoAnWebBE\\vendor\\laravel\\framework\\src\\Illuminate\\Routing\\Router.php(657): Illuminate\\Routing\\Router->runRouteWithinStack(Object(Illuminate\\Routing\\Route), Object(Illuminate\\Http\\Request))
#17 C:\\Users\\BUIQUOCHUY\\Desktop\\WEBEZJOB\\DoAnWebBE\\vendor\\laravel\\framework\\src\\Illuminate\\Routing\\Router.php(623): Illuminate\\Routing\\Router->runRoute(Object(Illuminate\\Http\\Request), Object(Illuminate\\Routing\\Route))
#18 C:\\Users\\BUIQUOCHUY\\Desktop\\WEBEZJOB\\DoAnWebBE\\vendor\\laravel\\framework\\src\\Illuminate\\Routing\\Router.php(612): Illuminate\\Routing\\Router->dispatchToRoute(Object(Illuminate\\Http\\Request))
#19 C:\\Users\\BUIQUOCHUY\\Desktop\\WEBEZJOB\\DoAnWebBE\\vendor\\laravel\\framework\\src\\Illuminate\\Foundation\\Http\\Kernel.php(176): Illuminate\\Routing\\Router->dispatch(Object(Illuminate\\Http\\Request))
#20 C:\\Users\\BUIQUOCHUY\\Desktop\\WEBEZJOB\\DoAnWebBE\\vendor\\laravel\\framework\\src\\Illuminate\\Routing\\Pipeline.php(30): Illuminate\\Foundation\\Http\\Kernel->Illuminate\\Foundation\\Http\\{closure}(Object(Illuminate\\Http\\Request))
#21 C:\\Users\\BUIQUOCHUY\\Desktop\\WEBEZJOB\\DoAnWebBE\\vendor\\fideloper\\proxy\\src\\TrustProxies.php(57): Illuminate\\Routing\\Pipeline->Illuminate\\Routing\\{closure}(Object(Illuminate\\Http\\Request))
#22 C:\\Users\\BUIQUOCHUY\\Desktop\\WEBEZJOB\\DoAnWebBE\\vendor\\laravel\\framework\\src\\Illuminate\\Pipeline\\Pipeline.php(163): Fideloper\\Proxy\\TrustProxies->handle(Object(Illuminate\\Http\\Request), Object(Closure))
#23 C:\\Users\\BUIQUOCHUY\\Desktop\\WEBEZJOB\\DoAnWebBE\\vendor\\laravel\\framework\\src\\Illuminate\\Routing\\Pipeline.php(53): Illuminate\\Pipeline\\Pipeline->Illuminate\\Pipeline\\{closure}(Object(Illuminate\\Http\\Request))
#24 C:\\Users\\BUIQUOCHUY\\Desktop\\WEBEZJOB\\DoAnWebBE\\vendor\\laravel\\framework\\src\\Illuminate\\Foundation\\Http\\Middleware\\TransformsRequest.php(21): Illuminate\\Routing\\Pipeline->Illuminate\\Routing\\{closure}(Object(Illuminate\\Http\\Request))
#25 C:\\Users\\BUIQUOCHUY\\Desktop\\WEBEZJOB\\DoAnWebBE\\vendor\\laravel\\framework\\src\\Illuminate\\Pipeline\\Pipeline.php(163): Illuminate\\Foundation\\Http\\Middleware\\TransformsRequest->handle(Object(Illuminate\\Http\\Request), Object(Closure))
#26 C:\\Users\\BUIQUOCHUY\\Desktop\\WEBEZJOB\\DoAnWebBE\\vendor\\laravel\\framework\\src\\Illuminate\\Routing\\Pipeline.php(53): Illuminate\\Pipeline\\Pipeline->Illuminate\\Pipeline\\{closure}(Object(Illuminate\\Http\\Request))
#27 C:\\Users\\BUIQUOCHUY\\Desktop\\WEBEZJOB\\DoAnWebBE\\vendor\\laravel\\framework\\src\\Illuminate\\Foundation\\Http\\Middleware\\TransformsRequest.php(21): Illuminate\\Routing\\Pipeline->Illuminate\\Routing\\{closure}(Object(Illuminate\\Http\\Request))
#28 C:\\Users\\BUIQUOCHUY\\Desktop\\WEBEZJOB\\DoAnWebBE\\vendor\\laravel\\framework\\src\\Illuminate\\Pipeline\\Pipeline.php(163): Illuminate\\Foundation\\Http\\Middleware\\TransformsRequest->handle(Object(Illuminate\\Http\\Request), Object(Closure))
#29 C:\\Users\\BUIQUOCHUY\\Desktop\\WEBEZJOB\\DoAnWebBE\\vendor\\laravel\\framework\\src\\Illuminate\\Routing\\Pipeline.php(53): Illuminate\\Pipeline\\Pipeline->Illuminate\\Pipeline\\{closure}(Object(Illuminate\\Http\\Request))
#30 C:\\Users\\BUIQUOCHUY\\Desktop\\WEBEZJOB\\DoAnWebBE\\vendor\\laravel\\framework\\src\\Illuminate\\Foundation\\Http\\Middleware\\ValidatePostSize.php(27): Illuminate\\Routing\\Pipeline->Illuminate\\Routing\\{closure}(Object(Illuminate\\Http\\Request))
#31 C:\\Users\\BUIQUOCHUY\\Desktop\\WEBEZJOB\\DoAnWebBE\\vendor\\laravel\\framework\\src\\Illuminate\\Pipeline\\Pipeline.php(163): Illuminate\\Foundation\\Http\\Middleware\\ValidatePostSize->handle(Object(Illuminate\\Http\\Request), Object(Closure))
#32 C:\\Users\\BUIQUOCHUY\\Desktop\\WEBEZJOB\\DoAnWebBE\\vendor\\laravel\\framework\\src\\Illuminate\\Routing\\Pipeline.php(53): Illuminate\\Pipeline\\Pipeline->Illuminate\\Pipeline\\{closure}(Object(Illuminate\\Http\\Request))
#33 C:\\Users\\BUIQUOCHUY\\Desktop\\WEBEZJOB\\DoAnWebBE\\vendor\\laravel\\framework\\src\\Illuminate\\Foundation\\Http\\Middleware\\CheckForMaintenanceMode.php(62): Illuminate\\Routing\\Pipeline->Illuminate\\Routing\\{closure}(Object(Illuminate\\Http\\Request))
#34 C:\\Users\\BUIQUOCHUY\\Desktop\\WEBEZJOB\\DoAnWebBE\\vendor\\laravel\\framework\\src\\Illuminate\\Pipeline\\Pipeline.php(163): Illuminate\\Foundation\\Http\\Middleware\\CheckForMaintenanceMode->handle(Object(Illuminate\\Http\\Request), Object(Closure))
#35 C:\\Users\\BUIQUOCHUY\\Desktop\\WEBEZJOB\\DoAnWebBE\\vendor\\laravel\\framework\\src\\Illuminate\\Routing\\Pipeline.php(53): Illuminate\\Pipeline\\Pipeline->Illuminate\\Pipeline\\{closure}(Object(Illuminate\\Http\\Request))
#36 C:\\Users\\BUIQUOCHUY\\Desktop\\WEBEZJOB\\DoAnWebBE\\vendor\\laravel\\framework\\src\\Illuminate\\Pipeline\\Pipeline.php(104): Illuminate\\Routing\\Pipeline->Illuminate\\Routing\\{closure}(Object(Illuminate\\Http\\Request))
#37 C:\\Users\\BUIQUOCHUY\\Desktop\\WEBEZJOB\\DoAnWebBE\\vendor\\laravel\\framework\\src\\Illuminate\\Foundation\\Http\\Kernel.php(151): Illuminate\\Pipeline\\Pipeline->then(Object(Closure))
#38 C:\\Users\\BUIQUOCHUY\\Desktop\\WEBEZJOB\\DoAnWebBE\\vendor\\laravel\\framework\\src\\Illuminate\\Foundation\\Http\\Kernel.php(116): Illuminate\\Foundation\\Http\\Kernel->sendRequestThroughRouter(Object(Illuminate\\Http\\Request))
#39 C:\\Users\\BUIQUOCHUY\\Desktop\\WEBEZJOB\\DoAnWebBE\\public\\index.php(55): Illuminate\\Foundation\\Http\\Kernel->handle(Object(Illuminate\\Http\\Request))
#40 C:\\Users\\BUIQUOCHUY\\Desktop\\WEBEZJOB\\DoAnWebBE\\server.php(21): require_once('C:\\\\Users\\\\BUIQUO...')
#41 {main}
"} 
[2021-12-13 15:05:09] local.ERROR: Please provide a valid cache path. {"exception":"[object] (InvalidArgumentException(code: 0): Please provide a valid cache path. at C:\\Users\\BUIQUOCHUY\\Desktop\\WEBEZJOB\\DoAnWebBE\\vendor\\laravel\\framework\\src\\Illuminate\\View\\Compilers\\Compiler.php:36)
[stacktrace]
#0 C:\\Users\\BUIQUOCHUY\\Desktop\\WEBEZJOB\\DoAnWebBE\\vendor\\laravel\\framework\\src\\Illuminate\\View\\ViewServiceProvider.php(141): Illuminate\\View\\Compilers\\Compiler->__construct(Object(Illuminate\\Filesystem\\Filesystem), false)
#1 C:\\Users\\BUIQUOCHUY\\Desktop\\WEBEZJOB\\DoAnWebBE\\vendor\\laravel\\framework\\src\\Illuminate\\Container\\Container.php(785): Illuminate\\View\\ViewServiceProvider->Illuminate\\View\\{closure}(Object(Illuminate\\Foundation\\Application), Array)
#2 C:\\Users\\BUIQUOCHUY\\Desktop\\WEBEZJOB\\DoAnWebBE\\vendor\\laravel\\framework\\src\\Illuminate\\Container\\Container.php(667): Illuminate\\Container\\Container->build(Object(Closure))
#3 C:\\Users\\BUIQUOCHUY\\Desktop\\WEBEZJOB\\DoAnWebBE\\vendor\\laravel\\framework\\src\\Illuminate\\Container\\Container.php(615): Illuminate\\Container\\Container->resolve('blade.compiler', Array)
#4 C:\\Users\\BUIQUOCHUY\\Desktop\\WEBEZJOB\\DoAnWebBE\\vendor\\laravel\\framework\\src\\Illuminate\\Foundation\\Application.php(767): Illuminate\\Container\\Container->make('blade.compiler', Array)
#5 C:\\Users\\BUIQUOCHUY\\Desktop\\WEBEZJOB\\DoAnWebBE\\vendor\\laravel\\framework\\src\\Illuminate\\Container\\Container.php(1227): Illuminate\\Foundation\\Application->make('blade.compiler')
#6 C:\\Users\\BUIQUOCHUY\\Desktop\\WEBEZJOB\\DoAnWebBE\\vendor\\laravel\\framework\\src\\Illuminate\\View\\ViewServiceProvider.php(146): Illuminate\\Container\\Container->offsetGet('blade.compiler')
#7 [internal function]: Illuminate\\View\\ViewServiceProvider->Illuminate\\View\\{closure}()
#8 C:\\Users\\BUIQUOCHUY\\Desktop\\WEBEZJOB\\DoAnWebBE\\vendor\\laravel\\framework\\src\\Illuminate\\View\\Engines\\EngineResolver.php(55): call_user_func(Object(Closure))
#9 C:\\Users\\BUIQUOCHUY\\Desktop\\WEBEZJOB\\DoAnWebBE\\vendor\\laravel\\framework\\src\\Illuminate\\View\\Factory.php(289): Illuminate\\View\\Engines\\EngineResolver->resolve('blade')
#10 C:\\Users\\BUIQUOCHUY\\Desktop\\WEBEZJOB\\DoAnWebBE\\vendor\\laravel\\framework\\src\\Illuminate\\View\\Factory.php(253): Illuminate\\View\\Factory->getEngineFromPath('C:\\\\Users\\\\BUIQUO...')
#11 C:\\Users\\BUIQUOCHUY\\Desktop\\WEBEZJOB\\DoAnWebBE\\vendor\\laravel\\framework\\src\\Illuminate\\View\\Factory.php(139): Illuminate\\View\\Factory->viewInstance('auth.login', 'C:\\\\Users\\\\BUIQUO...', Array)
#12 C:\\Users\\BUIQUOCHUY\\Desktop\\WEBEZJOB\\DoAnWebBE\\vendor\\laravel\\framework\\src\\Illuminate\\Foundation\\helpers.php(971): Illuminate\\View\\Factory->make('auth.login', Array, Array)
#13 C:\\Users\\BUIQUOCHUY\\Desktop\\WEBEZJOB\\DoAnWebBE\\vendor\\laravel\\framework\\src\\Illuminate\\Foundation\\Auth\\AuthenticatesUsers.php(20): view('auth.login')
#14 [internal function]: App\\Http\\Controllers\\Auth\\LoginController->showLoginForm()
#15 C:\\Users\\BUIQUOCHUY\\Desktop\\WEBEZJOB\\DoAnWebBE\\vendor\\laravel\\framework\\src\\Illuminate\\Routing\\Controller.php(54): call_user_func_array(Array, Array)
#16 C:\\Users\\BUIQUOCHUY\\Desktop\\WEBEZJOB\\DoAnWebBE\\vendor\\laravel\\framework\\src\\Illuminate\\Routing\\ControllerDispatcher.php(45): Illuminate\\Routing\\Controller->callAction('showLoginForm', Array)
#17 C:\\Users\\BUIQUOCHUY\\Desktop\\WEBEZJOB\\DoAnWebBE\\vendor\\laravel\\framework\\src\\Illuminate\\Routing\\Route.php(219): Illuminate\\Routing\\ControllerDispatcher->dispatch(Object(Illuminate\\Routing\\Route), Object(App\\Http\\Controllers\\Auth\\LoginController), 'showLoginForm')
#18 C:\\Users\\BUIQUOCHUY\\Desktop\\WEBEZJOB\\DoAnWebBE\\vendor\\laravel\\framework\\src\\Illuminate\\Routing\\Route.php(176): Illuminate\\Routing\\Route->runController()
#19 C:\\Users\\BUIQUOCHUY\\Desktop\\WEBEZJOB\\DoAnWebBE\\vendor\\laravel\\framework\\src\\Illuminate\\Routing\\Router.php(680): Illuminate\\Routing\\Route->run()
#20 C:\\Users\\BUIQUOCHUY\\Desktop\\WEBEZJOB\\DoAnWebBE\\vendor\\laravel\\framework\\src\\Illuminate\\Routing\\Pipeline.php(30): Illuminate\\Routing\\Router->Illuminate\\Routing\\{closure}(Object(Illuminate\\Http\\Request))
#21 C:\\Users\\BUIQUOCHUY\\Desktop\\WEBEZJOB\\DoAnWebBE\\app\\Http\\Middleware\\RedirectIfAuthenticated.php(24): Illuminate\\Routing\\Pipeline->Illuminate\\Routing\\{closure}(Object(Illuminate\\Http\\Request))
#22 C:\\Users\\BUIQUOCHUY\\Desktop\\WEBEZJOB\\DoAnWebBE\\vendor\\laravel\\framework\\src\\Illuminate\\Pipeline\\Pipeline.php(163): App\\Http\\Middleware\\RedirectIfAuthenticated->handle(Object(Illuminate\\Http\\Request), Object(Closure))
#23 C:\\Users\\BUIQUOCHUY\\Desktop\\WEBEZJOB\\DoAnWebBE\\vendor\\laravel\\framework\\src\\Illuminate\\Routing\\Pipeline.php(53): Illuminate\\Pipeline\\Pipeline->Illuminate\\Pipeline\\{closure}(Object(Illuminate\\Http\\Request))
#24 C:\\Users\\BUIQUOCHUY\\Desktop\\WEBEZJOB\\DoAnWebBE\\vendor\\laravel\\framework\\src\\Illuminate\\Routing\\Middleware\\SubstituteBindings.php(41): Illuminate\\Routing\\Pipeline->Illuminate\\Routing\\{closure}(Object(Illuminate\\Http\\Request))
#25 C:\\Users\\BUIQUOCHUY\\Desktop\\WEBEZJOB\\DoAnWebBE\\vendor\\laravel\\framework\\src\\Illuminate\\Pipeline\\Pipeline.php(163): Illuminate\\Routing\\Middleware\\SubstituteBindings->handle(Object(Illuminate\\Http\\Request), Object(Closure))
#26 C:\\Users\\BUIQUOCHUY\\Desktop\\WEBEZJOB\\DoAnWebBE\\vendor\\laravel\\framework\\src\\Illuminate\\Routing\\Pipeline.php(53): Illuminate\\Pipeline\\Pipeline->Illuminate\\Pipeline\\{closure}(Object(Illuminate\\Http\\Request))
#27 C:\\Users\\BUIQUOCHUY\\Desktop\\WEBEZJOB\\DoAnWebBE\\vendor\\laravel\\framework\\src\\Illuminate\\Foundation\\Http\\Middleware\\VerifyCsrfToken.php(75): Illuminate\\Routing\\Pipeline->Illuminate\\Routing\\{closure}(Object(Illuminate\\Http\\Request))
#28 C:\\Users\\BUIQUOCHUY\\Desktop\\WEBEZJOB\\DoAnWebBE\\vendor\\laravel\\framework\\src\\Illuminate\\Pipeline\\Pipeline.php(163): Illuminate\\Foundation\\Http\\Middleware\\VerifyCsrfToken->handle(Object(Illuminate\\Http\\Request), Object(Closure))
#29 C:\\Users\\BUIQUOCHUY\\Desktop\\WEBEZJOB\\DoAnWebBE\\vendor\\laravel\\framework\\src\\Illuminate\\Routing\\Pipeline.php(53): Illuminate\\Pipeline\\Pipeline->Illuminate\\Pipeline\\{closure}(Object(Illuminate\\Http\\Request))
#30 C:\\Users\\BUIQUOCHUY\\Desktop\\WEBEZJOB\\DoAnWebBE\\vendor\\laravel\\framework\\src\\Illuminate\\View\\Middleware\\ShareErrorsFromSession.php(49): Illuminate\\Routing\\Pipeline->Illuminate\\Routing\\{closure}(Object(Illuminate\\Http\\Request))
#31 C:\\Users\\BUIQUOCHUY\\Desktop\\WEBEZJOB\\DoAnWebBE\\vendor\\laravel\\framework\\src\\Illuminate\\Pipeline\\Pipeline.php(163): Illuminate\\View\\Middleware\\ShareErrorsFromSession->handle(Object(Illuminate\\Http\\Request), Object(Closure))
#32 C:\\Users\\BUIQUOCHUY\\Desktop\\WEBEZJOB\\DoAnWebBE\\vendor\\laravel\\framework\\src\\Illuminate\\Routing\\Pipeline.php(53): Illuminate\\Pipeline\\Pipeline->Illuminate\\Pipeline\\{closure}(Object(Illuminate\\Http\\Request))
#33 C:\\Users\\BUIQUOCHUY\\Desktop\\WEBEZJOB\\DoAnWebBE\\vendor\\laravel\\framework\\src\\Illuminate\\Session\\Middleware\\StartSession.php(56): Illuminate\\Routing\\Pipeline->Illuminate\\Routing\\{closure}(Object(Illuminate\\Http\\Request))
#34 C:\\Users\\BUIQUOCHUY\\Desktop\\WEBEZJOB\\DoAnWebBE\\vendor\\laravel\\framework\\src\\Illuminate\\Pipeline\\Pipeline.php(163): Illuminate\\Session\\Middleware\\StartSession->handle(Object(Illuminate\\Http\\Request), Object(Closure))
#35 C:\\Users\\BUIQUOCHUY\\Desktop\\WEBEZJOB\\DoAnWebBE\\vendor\\laravel\\framework\\src\\Illuminate\\Routing\\Pipeline.php(53): Illuminate\\Pipeline\\Pipeline->Illuminate\\Pipeline\\{closure}(Object(Illuminate\\Http\\Request))
#36 C:\\Users\\BUIQUOCHUY\\Desktop\\WEBEZJOB\\DoAnWebBE\\vendor\\laravel\\framework\\src\\Illuminate\\Cookie\\Middleware\\AddQueuedCookiesToResponse.php(37): Illuminate\\Routing\\Pipeline->Illuminate\\Routing\\{closure}(Object(Illuminate\\Http\\Request))
#37 C:\\Users\\BUIQUOCHUY\\Desktop\\WEBEZJOB\\DoAnWebBE\\vendor\\laravel\\framework\\src\\Illuminate\\Pipeline\\Pipeline.php(163): Illuminate\\Cookie\\Middleware\\AddQueuedCookiesToResponse->handle(Object(Illuminate\\Http\\Request), Object(Closure))
#38 C:\\Users\\BUIQUOCHUY\\Desktop\\WEBEZJOB\\DoAnWebBE\\vendor\\laravel\\framework\\src\\Illuminate\\Routing\\Pipeline.php(53): Illuminate\\Pipeline\\Pipeline->Illuminate\\Pipeline\\{closure}(Object(Illuminate\\Http\\Request))
#39 C:\\Users\\BUIQUOCHUY\\Desktop\\WEBEZJOB\\DoAnWebBE\\vendor\\laravel\\framework\\src\\Illuminate\\Cookie\\Middleware\\EncryptCookies.php(66): Illuminate\\Routing\\Pipeline->Illuminate\\Routing\\{closure}(Object(Illuminate\\Http\\Request))
#40 C:\\Users\\BUIQUOCHUY\\Desktop\\WEBEZJOB\\DoAnWebBE\\vendor\\laravel\\framework\\src\\Illuminate\\Pipeline\\Pipeline.php(163): Illuminate\\Cookie\\Middleware\\EncryptCookies->handle(Object(Illuminate\\Http\\Request), Object(Closure))
#41 C:\\Users\\BUIQUOCHUY\\Desktop\\WEBEZJOB\\DoAnWebBE\\vendor\\laravel\\framework\\src\\Illuminate\\Routing\\Pipeline.php(53): Illuminate\\Pipeline\\Pipeline->Illuminate\\Pipeline\\{closure}(Object(Illuminate\\Http\\Request))
#42 C:\\Users\\BUIQUOCHUY\\Desktop\\WEBEZJOB\\DoAnWebBE\\vendor\\laravel\\framework\\src\\Illuminate\\Pipeline\\Pipeline.php(104): Illuminate\\Routing\\Pipeline->Illuminate\\Routing\\{closure}(Object(Illuminate\\Http\\Request))
#43 C:\\Users\\BUIQUOCHUY\\Desktop\\WEBEZJOB\\DoAnWebBE\\vendor\\laravel\\framework\\src\\Illuminate\\Routing\\Router.php(682): Illuminate\\Pipeline\\Pipeline->then(Object(Closure))
#44 C:\\Users\\BUIQUOCHUY\\Desktop\\WEBEZJOB\\DoAnWebBE\\vendor\\laravel\\framework\\src\\Illuminate\\Routing\\Router.php(657): Illuminate\\Routing\\Router->runRouteWithinStack(Object(Illuminate\\Routing\\Route), Object(Illuminate\\Http\\Request))
#45 C:\\Users\\BUIQUOCHUY\\Desktop\\WEBEZJOB\\DoAnWebBE\\vendor\\laravel\\framework\\src\\Illuminate\\Routing\\Router.php(623): Illuminate\\Routing\\Router->runRoute(Object(Illuminate\\Http\\Request), Object(Illuminate\\Routing\\Route))
#46 C:\\Users\\BUIQUOCHUY\\Desktop\\WEBEZJOB\\DoAnWebBE\\vendor\\laravel\\framework\\src\\Illuminate\\Routing\\Router.php(612): Illuminate\\Routing\\Router->dispatchToRoute(Object(Illuminate\\Http\\Request))
#47 C:\\Users\\BUIQUOCHUY\\Desktop\\WEBEZJOB\\DoAnWebBE\\vendor\\laravel\\framework\\src\\Illuminate\\Foundation\\Http\\Kernel.php(176): Illuminate\\Routing\\Router->dispatch(Object(Illuminate\\Http\\Request))
#48 C:\\Users\\BUIQUOCHUY\\Desktop\\WEBEZJOB\\DoAnWebBE\\vendor\\laravel\\framework\\src\\Illuminate\\Routing\\Pipeline.php(30): Illuminate\\Foundation\\Http\\Kernel->Illuminate\\Foundation\\Http\\{closure}(Object(Illuminate\\Http\\Request))
#49 C:\\Users\\BUIQUOCHUY\\Desktop\\WEBEZJOB\\DoAnWebBE\\vendor\\fideloper\\proxy\\src\\TrustProxies.php(57): Illuminate\\Routing\\Pipeline->Illuminate\\Routing\\{closure}(Object(Illuminate\\Http\\Request))
#50 C:\\Users\\BUIQUOCHUY\\Desktop\\WEBEZJOB\\DoAnWebBE\\vendor\\laravel\\framework\\src\\Illuminate\\Pipeline\\Pipeline.php(163): Fideloper\\Proxy\\TrustProxies->handle(Object(Illuminate\\Http\\Request), Object(Closure))
#51 C:\\Users\\BUIQUOCHUY\\Desktop\\WEBEZJOB\\DoAnWebBE\\vendor\\laravel\\framework\\src\\Illuminate\\Routing\\Pipeline.php(53): Illuminate\\Pipeline\\Pipeline->Illuminate\\Pipeline\\{closure}(Object(Illuminate\\Http\\Request))
#52 C:\\Users\\BUIQUOCHUY\\Desktop\\WEBEZJOB\\DoAnWebBE\\vendor\\laravel\\framework\\src\\Illuminate\\Foundation\\Http\\Middleware\\TransformsRequest.php(21): Illuminate\\Routing\\Pipeline->Illuminate\\Routing\\{closure}(Object(Illuminate\\Http\\Request))
#53 C:\\Users\\BUIQUOCHUY\\Desktop\\WEBEZJOB\\DoAnWebBE\\vendor\\laravel\\framework\\src\\Illuminate\\Pipeline\\Pipeline.php(163): Illuminate\\Foundation\\Http\\Middleware\\TransformsRequest->handle(Object(Illuminate\\Http\\Request), Object(Closure))
#54 C:\\Users\\BUIQUOCHUY\\Desktop\\WEBEZJOB\\DoAnWebBE\\vendor\\laravel\\framework\\src\\Illuminate\\Routing\\Pipeline.php(53): Illuminate\\Pipeline\\Pipeline->Illuminate\\Pipeline\\{closure}(Object(Illuminate\\Http\\Request))
#55 C:\\Users\\BUIQUOCHUY\\Desktop\\WEBEZJOB\\DoAnWebBE\\vendor\\laravel\\framework\\src\\Illuminate\\Foundation\\Http\\Middleware\\TransformsRequest.php(21): Illuminate\\Routing\\Pipeline->Illuminate\\Routing\\{closure}(Object(Illuminate\\Http\\Request))
#56 C:\\Users\\BUIQUOCHUY\\Desktop\\WEBEZJOB\\DoAnWebBE\\vendor\\laravel\\framework\\src\\Illuminate\\Pipeline\\Pipeline.php(163): Illuminate\\Foundation\\Http\\Middleware\\TransformsRequest->handle(Object(Illuminate\\Http\\Request), Object(Closure))
#57 C:\\Users\\BUIQUOCHUY\\Desktop\\WEBEZJOB\\DoAnWebBE\\vendor\\laravel\\framework\\src\\Illuminate\\Routing\\Pipeline.php(53): Illuminate\\Pipeline\\Pipeline->Illuminate\\Pipeline\\{closure}(Object(Illuminate\\Http\\Request))
#58 C:\\Users\\BUIQUOCHUY\\Desktop\\WEBEZJOB\\DoAnWebBE\\vendor\\laravel\\framework\\src\\Illuminate\\Foundation\\Http\\Middleware\\ValidatePostSize.php(27): Illuminate\\Routing\\Pipeline->Illuminate\\Routing\\{closure}(Object(Illuminate\\Http\\Request))
#59 C:\\Users\\BUIQUOCHUY\\Desktop\\WEBEZJOB\\DoAnWebBE\\vendor\\laravel\\framework\\src\\Illuminate\\Pipeline\\Pipeline.php(163): Illuminate\\Foundation\\Http\\Middleware\\ValidatePostSize->handle(Object(Illuminate\\Http\\Request), Object(Closure))
#60 C:\\Users\\BUIQUOCHUY\\Desktop\\WEBEZJOB\\DoAnWebBE\\vendor\\laravel\\framework\\src\\Illuminate\\Routing\\Pipeline.php(53): Illuminate\\Pipeline\\Pipeline->Illuminate\\Pipeline\\{closure}(Object(Illuminate\\Http\\Request))
#61 C:\\Users\\BUIQUOCHUY\\Desktop\\WEBEZJOB\\DoAnWebBE\\vendor\\laravel\\framework\\src\\Illuminate\\Foundation\\Http\\Middleware\\CheckForMaintenanceMode.php(62): Illuminate\\Routing\\Pipeline->Illuminate\\Routing\\{closure}(Object(Illuminate\\Http\\Request))
#62 C:\\Users\\BUIQUOCHUY\\Desktop\\WEBEZJOB\\DoAnWebBE\\vendor\\laravel\\framework\\src\\Illuminate\\Pipeline\\Pipeline.php(163): Illuminate\\Foundation\\Http\\Middleware\\CheckForMaintenanceMode->handle(Object(Illuminate\\Http\\Request), Object(Closure))
#63 C:\\Users\\BUIQUOCHUY\\Desktop\\WEBEZJOB\\DoAnWebBE\\vendor\\laravel\\framework\\src\\Illuminate\\Routing\\Pipeline.php(53): Illuminate\\Pipeline\\Pipeline->Illuminate\\Pipeline\\{closure}(Object(Illuminate\\Http\\Request))
#64 C:\\Users\\BUIQUOCHUY\\Desktop\\WEBEZJOB\\DoAnWebBE\\vendor\\laravel\\framework\\src\\Illuminate\\Pipeline\\Pipeline.php(104): Illuminate\\Routing\\Pipeline->Illuminate\\Routing\\{closure}(Object(Illuminate\\Http\\Request))
#65 C:\\Users\\BUIQUOCHUY\\Desktop\\WEBEZJOB\\DoAnWebBE\\vendor\\laravel\\framework\\src\\Illuminate\\Foundation\\Http\\Kernel.php(151): Illuminate\\Pipeline\\Pipeline->then(Object(Closure))
#66 C:\\Users\\BUIQUOCHUY\\Desktop\\WEBEZJOB\\DoAnWebBE\\vendor\\laravel\\framework\\src\\Illuminate\\Foundation\\Http\\Kernel.php(116): Illuminate\\Foundation\\Http\\Kernel->sendRequestThroughRouter(Object(Illuminate\\Http\\Request))
#67 C:\\Users\\BUIQUOCHUY\\Desktop\\WEBEZJOB\\DoAnWebBE\\public\\index.php(55): Illuminate\\Foundation\\Http\\Kernel->handle(Object(Illuminate\\Http\\Request))
#68 C:\\Users\\BUIQUOCHUY\\Desktop\\WEBEZJOB\\DoAnWebBE\\server.php(21): require_once('C:\\\\Users\\\\BUIQUO...')
#69 {main}
"} 
[2021-12-13 15:05:43] local.ERROR: Please provide a valid cache path. {"exception":"[object] (InvalidArgumentException(code: 0): Please provide a valid cache path. at C:\\Users\\BUIQUOCHUY\\Desktop\\WEBEZJOB\\DoAnWebBE\\vendor\\laravel\\framework\\src\\Illuminate\\View\\Compilers\\Compiler.php:36)
[stacktrace]
#0 C:\\Users\\BUIQUOCHUY\\Desktop\\WEBEZJOB\\DoAnWebBE\\vendor\\laravel\\framework\\src\\Illuminate\\View\\ViewServiceProvider.php(141): Illuminate\\View\\Compilers\\Compiler->__construct(Object(Illuminate\\Filesystem\\Filesystem), false)
#1 C:\\Users\\BUIQUOCHUY\\Desktop\\WEBEZJOB\\DoAnWebBE\\vendor\\laravel\\framework\\src\\Illuminate\\Container\\Container.php(785): Illuminate\\View\\ViewServiceProvider->Illuminate\\View\\{closure}(Object(Illuminate\\Foundation\\Application), Array)
#2 C:\\Users\\BUIQUOCHUY\\Desktop\\WEBEZJOB\\DoAnWebBE\\vendor\\laravel\\framework\\src\\Illuminate\\Container\\Container.php(667): Illuminate\\Container\\Container->build(Object(Closure))
#3 C:\\Users\\BUIQUOCHUY\\Desktop\\WEBEZJOB\\DoAnWebBE\\vendor\\laravel\\framework\\src\\Illuminate\\Container\\Container.php(615): Illuminate\\Container\\Container->resolve('blade.compiler', Array)
#4 C:\\Users\\BUIQUOCHUY\\Desktop\\WEBEZJOB\\DoAnWebBE\\vendor\\laravel\\framework\\src\\Illuminate\\Foundation\\Application.php(767): Illuminate\\Container\\Container->make('blade.compiler', Array)
#5 C:\\Users\\BUIQUOCHUY\\Desktop\\WEBEZJOB\\DoAnWebBE\\vendor\\laravel\\framework\\src\\Illuminate\\Container\\Container.php(1227): Illuminate\\Foundation\\Application->make('blade.compiler')
#6 C:\\Users\\BUIQUOCHUY\\Desktop\\WEBEZJOB\\DoAnWebBE\\vendor\\laravel\\framework\\src\\Illuminate\\View\\ViewServiceProvider.php(146): Illuminate\\Container\\Container->offsetGet('blade.compiler')
#7 [internal function]: Illuminate\\View\\ViewServiceProvider->Illuminate\\View\\{closure}()
#8 C:\\Users\\BUIQUOCHUY\\Desktop\\WEBEZJOB\\DoAnWebBE\\vendor\\laravel\\framework\\src\\Illuminate\\View\\Engines\\EngineResolver.php(55): call_user_func(Object(Closure))
#9 C:\\Users\\BUIQUOCHUY\\Desktop\\WEBEZJOB\\DoAnWebBE\\vendor\\laravel\\framework\\src\\Illuminate\\View\\Factory.php(289): Illuminate\\View\\Engines\\EngineResolver->resolve('blade')
#10 C:\\Users\\BUIQUOCHUY\\Desktop\\WEBEZJOB\\DoAnWebBE\\vendor\\laravel\\framework\\src\\Illuminate\\View\\Factory.php(253): Illuminate\\View\\Factory->getEngineFromPath('C:\\\\Users\\\\BUIQUO...')
#11 C:\\Users\\BUIQUOCHUY\\Desktop\\WEBEZJOB\\DoAnWebBE\\vendor\\laravel\\framework\\src\\Illuminate\\View\\Factory.php(139): Illuminate\\View\\Factory->viewInstance('auth.login', 'C:\\\\Users\\\\BUIQUO...', Array)
#12 C:\\Users\\BUIQUOCHUY\\Desktop\\WEBEZJOB\\DoAnWebBE\\vendor\\laravel\\framework\\src\\Illuminate\\Foundation\\helpers.php(971): Illuminate\\View\\Factory->make('auth.login', Array, Array)
#13 C:\\Users\\BUIQUOCHUY\\Desktop\\WEBEZJOB\\DoAnWebBE\\vendor\\laravel\\framework\\src\\Illuminate\\Foundation\\Auth\\AuthenticatesUsers.php(20): view('auth.login')
#14 [internal function]: App\\Http\\Controllers\\Auth\\LoginController->showLoginForm()
#15 C:\\Users\\BUIQUOCHUY\\Desktop\\WEBEZJOB\\DoAnWebBE\\vendor\\laravel\\framework\\src\\Illuminate\\Routing\\Controller.php(54): call_user_func_array(Array, Array)
#16 C:\\Users\\BUIQUOCHUY\\Desktop\\WEBEZJOB\\DoAnWebBE\\vendor\\laravel\\framework\\src\\Illuminate\\Routing\\ControllerDispatcher.php(45): Illuminate\\Routing\\Controller->callAction('showLoginForm', Array)
#17 C:\\Users\\BUIQUOCHUY\\Desktop\\WEBEZJOB\\DoAnWebBE\\vendor\\laravel\\framework\\src\\Illuminate\\Routing\\Route.php(219): Illuminate\\Routing\\ControllerDispatcher->dispatch(Object(Illuminate\\Routing\\Route), Object(App\\Http\\Controllers\\Auth\\LoginController), 'showLoginForm')
#18 C:\\Users\\BUIQUOCHUY\\Desktop\\WEBEZJOB\\DoAnWebBE\\vendor\\laravel\\framework\\src\\Illuminate\\Routing\\Route.php(176): Illuminate\\Routing\\Route->runController()
#19 C:\\Users\\BUIQUOCHUY\\Desktop\\WEBEZJOB\\DoAnWebBE\\vendor\\laravel\\framework\\src\\Illuminate\\Routing\\Router.php(680): Illuminate\\Routing\\Route->run()
#20 C:\\Users\\BUIQUOCHUY\\Desktop\\WEBEZJOB\\DoAnWebBE\\vendor\\laravel\\framework\\src\\Illuminate\\Routing\\Pipeline.php(30): Illuminate\\Routing\\Router->Illuminate\\Routing\\{closure}(Object(Illuminate\\Http\\Request))
#21 C:\\Users\\BUIQUOCHUY\\Desktop\\WEBEZJOB\\DoAnWebBE\\app\\Http\\Middleware\\RedirectIfAuthenticated.php(24): Illuminate\\Routing\\Pipeline->Illuminate\\Routing\\{closure}(Object(Illuminate\\Http\\Request))
#22 C:\\Users\\BUIQUOCHUY\\Desktop\\WEBEZJOB\\DoAnWebBE\\vendor\\laravel\\framework\\src\\Illuminate\\Pipeline\\Pipeline.php(163): App\\Http\\Middleware\\RedirectIfAuthenticated->handle(Object(Illuminate\\Http\\Request), Object(Closure))
#23 C:\\Users\\BUIQUOCHUY\\Desktop\\WEBEZJOB\\DoAnWebBE\\vendor\\laravel\\framework\\src\\Illuminate\\Routing\\Pipeline.php(53): Illuminate\\Pipeline\\Pipeline->Illuminate\\Pipeline\\{closure}(Object(Illuminate\\Http\\Request))
#24 C:\\Users\\BUIQUOCHUY\\Desktop\\WEBEZJOB\\DoAnWebBE\\vendor\\laravel\\framework\\src\\Illuminate\\Routing\\Middleware\\SubstituteBindings.php(41): Illuminate\\Routing\\Pipeline->Illuminate\\Routing\\{closure}(Object(Illuminate\\Http\\Request))
#25 C:\\Users\\BUIQUOCHUY\\Desktop\\WEBEZJOB\\DoAnWebBE\\vendor\\laravel\\framework\\src\\Illuminate\\Pipeline\\Pipeline.php(163): Illuminate\\Routing\\Middleware\\SubstituteBindings->handle(Object(Illuminate\\Http\\Request), Object(Closure))
#26 C:\\Users\\BUIQUOCHUY\\Desktop\\WEBEZJOB\\DoAnWebBE\\vendor\\laravel\\framework\\src\\Illuminate\\Routing\\Pipeline.php(53): Illuminate\\Pipeline\\Pipeline->Illuminate\\Pipeline\\{closure}(Object(Illuminate\\Http\\Request))
#27 C:\\Users\\BUIQUOCHUY\\Desktop\\WEBEZJOB\\DoAnWebBE\\vendor\\laravel\\framework\\src\\Illuminate\\Foundation\\Http\\Middleware\\VerifyCsrfToken.php(75): Illuminate\\Routing\\Pipeline->Illuminate\\Routing\\{closure}(Object(Illuminate\\Http\\Request))
#28 C:\\Users\\BUIQUOCHUY\\Desktop\\WEBEZJOB\\DoAnWebBE\\vendor\\laravel\\framework\\src\\Illuminate\\Pipeline\\Pipeline.php(163): Illuminate\\Foundation\\Http\\Middleware\\VerifyCsrfToken->handle(Object(Illuminate\\Http\\Request), Object(Closure))
#29 C:\\Users\\BUIQUOCHUY\\Desktop\\WEBEZJOB\\DoAnWebBE\\vendor\\laravel\\framework\\src\\Illuminate\\Routing\\Pipeline.php(53): Illuminate\\Pipeline\\Pipeline->Illuminate\\Pipeline\\{closure}(Object(Illuminate\\Http\\Request))
#30 C:\\Users\\BUIQUOCHUY\\Desktop\\WEBEZJOB\\DoAnWebBE\\vendor\\laravel\\framework\\src\\Illuminate\\View\\Middleware\\ShareErrorsFromSession.php(49): Illuminate\\Routing\\Pipeline->Illuminate\\Routing\\{closure}(Object(Illuminate\\Http\\Request))
#31 C:\\Users\\BUIQUOCHUY\\Desktop\\WEBEZJOB\\DoAnWebBE\\vendor\\laravel\\framework\\src\\Illuminate\\Pipeline\\Pipeline.php(163): Illuminate\\View\\Middleware\\ShareErrorsFromSession->handle(Object(Illuminate\\Http\\Request), Object(Closure))
#32 C:\\Users\\BUIQUOCHUY\\Desktop\\WEBEZJOB\\DoAnWebBE\\vendor\\laravel\\framework\\src\\Illuminate\\Routing\\Pipeline.php(53): Illuminate\\Pipeline\\Pipeline->Illuminate\\Pipeline\\{closure}(Object(Illuminate\\Http\\Request))
#33 C:\\Users\\BUIQUOCHUY\\Desktop\\WEBEZJOB\\DoAnWebBE\\vendor\\laravel\\framework\\src\\Illuminate\\Session\\Middleware\\StartSession.php(56): Illuminate\\Routing\\Pipeline->Illuminate\\Routing\\{closure}(Object(Illuminate\\Http\\Request))
#34 C:\\Users\\BUIQUOCHUY\\Desktop\\WEBEZJOB\\DoAnWebBE\\vendor\\laravel\\framework\\src\\Illuminate\\Pipeline\\Pipeline.php(163): Illuminate\\Session\\Middleware\\StartSession->handle(Object(Illuminate\\Http\\Request), Object(Closure))
#35 C:\\Users\\BUIQUOCHUY\\Desktop\\WEBEZJOB\\DoAnWebBE\\vendor\\laravel\\framework\\src\\Illuminate\\Routing\\Pipeline.php(53): Illuminate\\Pipeline\\Pipeline->Illuminate\\Pipeline\\{closure}(Object(Illuminate\\Http\\Request))
#36 C:\\Users\\BUIQUOCHUY\\Desktop\\WEBEZJOB\\DoAnWebBE\\vendor\\laravel\\framework\\src\\Illuminate\\Cookie\\Middleware\\AddQueuedCookiesToResponse.php(37): Illuminate\\Routing\\Pipeline->Illuminate\\Routing\\{closure}(Object(Illuminate\\Http\\Request))
#37 C:\\Users\\BUIQUOCHUY\\Desktop\\WEBEZJOB\\DoAnWebBE\\vendor\\laravel\\framework\\src\\Illuminate\\Pipeline\\Pipeline.php(163): Illuminate\\Cookie\\Middleware\\AddQueuedCookiesToResponse->handle(Object(Illuminate\\Http\\Request), Object(Closure))
#38 C:\\Users\\BUIQUOCHUY\\Desktop\\WEBEZJOB\\DoAnWebBE\\vendor\\laravel\\framework\\src\\Illuminate\\Routing\\Pipeline.php(53): Illuminate\\Pipeline\\Pipeline->Illuminate\\Pipeline\\{closure}(Object(Illuminate\\Http\\Request))
#39 C:\\Users\\BUIQUOCHUY\\Desktop\\WEBEZJOB\\DoAnWebBE\\vendor\\laravel\\framework\\src\\Illuminate\\Cookie\\Middleware\\EncryptCookies.php(66): Illuminate\\Routing\\Pipeline->Illuminate\\Routing\\{closure}(Object(Illuminate\\Http\\Request))
#40 C:\\Users\\BUIQUOCHUY\\Desktop\\WEBEZJOB\\DoAnWebBE\\vendor\\laravel\\framework\\src\\Illuminate\\Pipeline\\Pipeline.php(163): Illuminate\\Cookie\\Middleware\\EncryptCookies->handle(Object(Illuminate\\Http\\Request), Object(Closure))
#41 C:\\Users\\BUIQUOCHUY\\Desktop\\WEBEZJOB\\DoAnWebBE\\vendor\\laravel\\framework\\src\\Illuminate\\Routing\\Pipeline.php(53): Illuminate\\Pipeline\\Pipeline->Illuminate\\Pipeline\\{closure}(Object(Illuminate\\Http\\Request))
#42 C:\\Users\\BUIQUOCHUY\\Desktop\\WEBEZJOB\\DoAnWebBE\\vendor\\laravel\\framework\\src\\Illuminate\\Pipeline\\Pipeline.php(104): Illuminate\\Routing\\Pipeline->Illuminate\\Routing\\{closure}(Object(Illuminate\\Http\\Request))
#43 C:\\Users\\BUIQUOCHUY\\Desktop\\WEBEZJOB\\DoAnWebBE\\vendor\\laravel\\framework\\src\\Illuminate\\Routing\\Router.php(682): Illuminate\\Pipeline\\Pipeline->then(Object(Closure))
#44 C:\\Users\\BUIQUOCHUY\\Desktop\\WEBEZJOB\\DoAnWebBE\\vendor\\laravel\\framework\\src\\Illuminate\\Routing\\Router.php(657): Illuminate\\Routing\\Router->runRouteWithinStack(Object(Illuminate\\Routing\\Route), Object(Illuminate\\Http\\Request))
#45 C:\\Users\\BUIQUOCHUY\\Desktop\\WEBEZJOB\\DoAnWebBE\\vendor\\laravel\\framework\\src\\Illuminate\\Routing\\Router.php(623): Illuminate\\Routing\\Router->runRoute(Object(Illuminate\\Http\\Request), Object(Illuminate\\Routing\\Route))
#46 C:\\Users\\BUIQUOCHUY\\Desktop\\WEBEZJOB\\DoAnWebBE\\vendor\\laravel\\framework\\src\\Illuminate\\Routing\\Router.php(612): Illuminate\\Routing\\Router->dispatchToRoute(Object(Illuminate\\Http\\Request))
#47 C:\\Users\\BUIQUOCHUY\\Desktop\\WEBEZJOB\\DoAnWebBE\\vendor\\laravel\\framework\\src\\Illuminate\\Foundation\\Http\\Kernel.php(176): Illuminate\\Routing\\Router->dispatch(Object(Illuminate\\Http\\Request))
#48 C:\\Users\\BUIQUOCHUY\\Desktop\\WEBEZJOB\\DoAnWebBE\\vendor\\laravel\\framework\\src\\Illuminate\\Routing\\Pipeline.php(30): Illuminate\\Foundation\\Http\\Kernel->Illuminate\\Foundation\\Http\\{closure}(Object(Illuminate\\Http\\Request))
#49 C:\\Users\\BUIQUOCHUY\\Desktop\\WEBEZJOB\\DoAnWebBE\\vendor\\fideloper\\proxy\\src\\TrustProxies.php(57): Illuminate\\Routing\\Pipeline->Illuminate\\Routing\\{closure}(Object(Illuminate\\Http\\Request))
#50 C:\\Users\\BUIQUOCHUY\\Desktop\\WEBEZJOB\\DoAnWebBE\\vendor\\laravel\\framework\\src\\Illuminate\\Pipeline\\Pipeline.php(163): Fideloper\\Proxy\\TrustProxies->handle(Object(Illuminate\\Http\\Request), Object(Closure))
#51 C:\\Users\\BUIQUOCHUY\\Desktop\\WEBEZJOB\\DoAnWebBE\\vendor\\laravel\\framework\\src\\Illuminate\\Routing\\Pipeline.php(53): Illuminate\\Pipeline\\Pipeline->Illuminate\\Pipeline\\{closure}(Object(Illuminate\\Http\\Request))
#52 C:\\Users\\BUIQUOCHUY\\Desktop\\WEBEZJOB\\DoAnWebBE\\vendor\\laravel\\framework\\src\\Illuminate\\Foundation\\Http\\Middleware\\TransformsRequest.php(21): Illuminate\\Routing\\Pipeline->Illuminate\\Routing\\{closure}(Object(Illuminate\\Http\\Request))
#53 C:\\Users\\BUIQUOCHUY\\Desktop\\WEBEZJOB\\DoAnWebBE\\vendor\\laravel\\framework\\src\\Illuminate\\Pipeline\\Pipeline.php(163): Illuminate\\Foundation\\Http\\Middleware\\TransformsRequest->handle(Object(Illuminate\\Http\\Request), Object(Closure))
#54 C:\\Users\\BUIQUOCHUY\\Desktop\\WEBEZJOB\\DoAnWebBE\\vendor\\laravel\\framework\\src\\Illuminate\\Routing\\Pipeline.php(53): Illuminate\\Pipeline\\Pipeline->Illuminate\\Pipeline\\{closure}(Object(Illuminate\\Http\\Request))
#55 C:\\Users\\BUIQUOCHUY\\Desktop\\WEBEZJOB\\DoAnWebBE\\vendor\\laravel\\framework\\src\\Illuminate\\Foundation\\Http\\Middleware\\TransformsRequest.php(21): Illuminate\\Routing\\Pipeline->Illuminate\\Routing\\{closure}(Object(Illuminate\\Http\\Request))
#56 C:\\Users\\BUIQUOCHUY\\Desktop\\WEBEZJOB\\DoAnWebBE\\vendor\\laravel\\framework\\src\\Illuminate\\Pipeline\\Pipeline.php(163): Illuminate\\Foundation\\Http\\Middleware\\TransformsRequest->handle(Object(Illuminate\\Http\\Request), Object(Closure))
#57 C:\\Users\\BUIQUOCHUY\\Desktop\\WEBEZJOB\\DoAnWebBE\\vendor\\laravel\\framework\\src\\Illuminate\\Routing\\Pipeline.php(53): Illuminate\\Pipeline\\Pipeline->Illuminate\\Pipeline\\{closure}(Object(Illuminate\\Http\\Request))
#58 C:\\Users\\BUIQUOCHUY\\Desktop\\WEBEZJOB\\DoAnWebBE\\vendor\\laravel\\framework\\src\\Illuminate\\Foundation\\Http\\Middleware\\ValidatePostSize.php(27): Illuminate\\Routing\\Pipeline->Illuminate\\Routing\\{closure}(Object(Illuminate\\Http\\Request))
#59 C:\\Users\\BUIQUOCHUY\\Desktop\\WEBEZJOB\\DoAnWebBE\\vendor\\laravel\\framework\\src\\Illuminate\\Pipeline\\Pipeline.php(163): Illuminate\\Foundation\\Http\\Middleware\\ValidatePostSize->handle(Object(Illuminate\\Http\\Request), Object(Closure))
#60 C:\\Users\\BUIQUOCHUY\\Desktop\\WEBEZJOB\\DoAnWebBE\\vendor\\laravel\\framework\\src\\Illuminate\\Routing\\Pipeline.php(53): Illuminate\\Pipeline\\Pipeline->Illuminate\\Pipeline\\{closure}(Object(Illuminate\\Http\\Request))
#61 C:\\Users\\BUIQUOCHUY\\Desktop\\WEBEZJOB\\DoAnWebBE\\vendor\\laravel\\framework\\src\\Illuminate\\Foundation\\Http\\Middleware\\CheckForMaintenanceMode.php(62): Illuminate\\Routing\\Pipeline->Illuminate\\Routing\\{closure}(Object(Illuminate\\Http\\Request))
#62 C:\\Users\\BUIQUOCHUY\\Desktop\\WEBEZJOB\\DoAnWebBE\\vendor\\laravel\\framework\\src\\Illuminate\\Pipeline\\Pipeline.php(163): Illuminate\\Foundation\\Http\\Middleware\\CheckForMaintenanceMode->handle(Object(Illuminate\\Http\\Request), Object(Closure))
#63 C:\\Users\\BUIQUOCHUY\\Desktop\\WEBEZJOB\\DoAnWebBE\\vendor\\laravel\\framework\\src\\Illuminate\\Routing\\Pipeline.php(53): Illuminate\\Pipeline\\Pipeline->Illuminate\\Pipeline\\{closure}(Object(Illuminate\\Http\\Request))
#64 C:\\Users\\BUIQUOCHUY\\Desktop\\WEBEZJOB\\DoAnWebBE\\vendor\\laravel\\framework\\src\\Illuminate\\Pipeline\\Pipeline.php(104): Illuminate\\Routing\\Pipeline->Illuminate\\Routing\\{closure}(Object(Illuminate\\Http\\Request))
#65 C:\\Users\\BUIQUOCHUY\\Desktop\\WEBEZJOB\\DoAnWebBE\\vendor\\laravel\\framework\\src\\Illuminate\\Foundation\\Http\\Kernel.php(151): Illuminate\\Pipeline\\Pipeline->then(Object(Closure))
#66 C:\\Users\\BUIQUOCHUY\\Desktop\\WEBEZJOB\\DoAnWebBE\\vendor\\laravel\\framework\\src\\Illuminate\\Foundation\\Http\\Kernel.php(116): Illuminate\\Foundation\\Http\\Kernel->sendRequestThroughRouter(Object(Illuminate\\Http\\Request))
#67 C:\\Users\\BUIQUOCHUY\\Desktop\\WEBEZJOB\\DoAnWebBE\\public\\index.php(55): Illuminate\\Foundation\\Http\\Kernel->handle(Object(Illuminate\\Http\\Request))
#68 C:\\Users\\BUIQUOCHUY\\Desktop\\WEBEZJOB\\DoAnWebBE\\server.php(21): require_once('C:\\\\Users\\\\BUIQUO...')
#69 {main}
"} 
[2021-12-13 15:06:57] local.ERROR: SQLSTATE[42S22]: Column not found: 1054 Unknown column 'current_workspace' in 'field list' (SQL: update `users` set `current_workspace` = 3, `users`.`updated_at` = 2021-12-13 15:06:57 where `id` = 3) {"exception":"[object] (Illuminate\\Database\\QueryException(code: 42S22): SQLSTATE[42S22]: Column not found: 1054 Unknown column 'current_workspace' in 'field list' (SQL: update `users` set `current_workspace` = 3, `users`.`updated_at` = 2021-12-13 15:06:57 where `id` = 3) at C:\\Users\\BUIQUOCHUY\\Desktop\\WEBEZJOB\\DoAnWebBE\\vendor\\laravel\\framework\\src\\Illuminate\\Database\\Connection.php:664, PDOException(code: 42S22): SQLSTATE[42S22]: Column not found: 1054 Unknown column 'current_workspace' in 'field list' at C:\\Users\\BUIQUOCHUY\\Desktop\\WEBEZJOB\\DoAnWebBE\\vendor\\laravel\\framework\\src\\Illuminate\\Database\\Connection.php:479)
[stacktrace]
#0 C:\\Users\\BUIQUOCHUY\\Desktop\\WEBEZJOB\\DoAnWebBE\\vendor\\laravel\\framework\\src\\Illuminate\\Database\\Connection.php(624): Illuminate\\Database\\Connection->runQueryCallback('update `users` ...', Array, Object(Closure))
#1 C:\\Users\\BUIQUOCHUY\\Desktop\\WEBEZJOB\\DoAnWebBE\\vendor\\laravel\\framework\\src\\Illuminate\\Database\\Connection.php(490): Illuminate\\Database\\Connection->run('update `users` ...', Array, Object(Closure))
#2 C:\\Users\\BUIQUOCHUY\\Desktop\\WEBEZJOB\\DoAnWebBE\\vendor\\laravel\\framework\\src\\Illuminate\\Database\\Connection.php(423): Illuminate\\Database\\Connection->affectingStatement('update `users` ...', Array)
#3 C:\\Users\\BUIQUOCHUY\\Desktop\\WEBEZJOB\\DoAnWebBE\\vendor\\laravel\\framework\\src\\Illuminate\\Database\\Query\\Builder.php(2721): Illuminate\\Database\\Connection->update('update `users` ...', Array)
#4 C:\\Users\\BUIQUOCHUY\\Desktop\\WEBEZJOB\\DoAnWebBE\\vendor\\laravel\\framework\\src\\Illuminate\\Database\\Eloquent\\Builder.php(820): Illuminate\\Database\\Query\\Builder->update(Array)
#5 C:\\Users\\BUIQUOCHUY\\Desktop\\WEBEZJOB\\DoAnWebBE\\vendor\\laravel\\framework\\src\\Illuminate\\Database\\Eloquent\\Model.php(745): Illuminate\\Database\\Eloquent\\Builder->update(Array)
#6 C:\\Users\\BUIQUOCHUY\\Desktop\\WEBEZJOB\\DoAnWebBE\\vendor\\laravel\\framework\\src\\Illuminate\\Database\\Eloquent\\Model.php(660): Illuminate\\Database\\Eloquent\\Model->performUpdate(Object(Illuminate\\Database\\Eloquent\\Builder))
#7 C:\\Users\\BUIQUOCHUY\\Desktop\\WEBEZJOB\\DoAnWebBE\\app\\Http\\Controllers\\Auth\\RegisterController.php(77): Illuminate\\Database\\Eloquent\\Model->save()
#8 C:\\Users\\BUIQUOCHUY\\Desktop\\WEBEZJOB\\DoAnWebBE\\vendor\\laravel\\framework\\src\\Illuminate\\Foundation\\Auth\\RegistersUsers.php(33): App\\Http\\Controllers\\Auth\\RegisterController->create(Array)
#9 [internal function]: App\\Http\\Controllers\\Auth\\RegisterController->register(Object(Illuminate\\Http\\Request))
#10 C:\\Users\\BUIQUOCHUY\\Desktop\\WEBEZJOB\\DoAnWebBE\\vendor\\laravel\\framework\\src\\Illuminate\\Routing\\Controller.php(54): call_user_func_array(Array, Array)
#11 C:\\Users\\BUIQUOCHUY\\Desktop\\WEBEZJOB\\DoAnWebBE\\vendor\\laravel\\framework\\src\\Illuminate\\Routing\\ControllerDispatcher.php(45): Illuminate\\Routing\\Controller->callAction('register', Array)
#12 C:\\Users\\BUIQUOCHUY\\Desktop\\WEBEZJOB\\DoAnWebBE\\vendor\\laravel\\framework\\src\\Illuminate\\Routing\\Route.php(219): Illuminate\\Routing\\ControllerDispatcher->dispatch(Object(Illuminate\\Routing\\Route), Object(App\\Http\\Controllers\\Auth\\RegisterController), 'register')
#13 C:\\Users\\BUIQUOCHUY\\Desktop\\WEBEZJOB\\DoAnWebBE\\vendor\\laravel\\framework\\src\\Illuminate\\Routing\\Route.php(176): Illuminate\\Routing\\Route->runController()
#14 C:\\Users\\BUIQUOCHUY\\Desktop\\WEBEZJOB\\DoAnWebBE\\vendor\\laravel\\framework\\src\\Illuminate\\Routing\\Router.php(680): Illuminate\\Routing\\Route->run()
#15 C:\\Users\\BUIQUOCHUY\\Desktop\\WEBEZJOB\\DoAnWebBE\\vendor\\laravel\\framework\\src\\Illuminate\\Routing\\Pipeline.php(30): Illuminate\\Routing\\Router->Illuminate\\Routing\\{closure}(Object(Illuminate\\Http\\Request))
#16 C:\\Users\\BUIQUOCHUY\\Desktop\\WEBEZJOB\\DoAnWebBE\\app\\Http\\Middleware\\RedirectIfAuthenticated.php(24): Illuminate\\Routing\\Pipeline->Illuminate\\Routing\\{closure}(Object(Illuminate\\Http\\Request))
#17 C:\\Users\\BUIQUOCHUY\\Desktop\\WEBEZJOB\\DoAnWebBE\\vendor\\laravel\\framework\\src\\Illuminate\\Pipeline\\Pipeline.php(163): App\\Http\\Middleware\\RedirectIfAuthenticated->handle(Object(Illuminate\\Http\\Request), Object(Closure))
#18 C:\\Users\\BUIQUOCHUY\\Desktop\\WEBEZJOB\\DoAnWebBE\\vendor\\laravel\\framework\\src\\Illuminate\\Routing\\Pipeline.php(53): Illuminate\\Pipeline\\Pipeline->Illuminate\\Pipeline\\{closure}(Object(Illuminate\\Http\\Request))
#19 C:\\Users\\BUIQUOCHUY\\Desktop\\WEBEZJOB\\DoAnWebBE\\vendor\\laravel\\framework\\src\\Illuminate\\Routing\\Middleware\\SubstituteBindings.php(41): Illuminate\\Routing\\Pipeline->Illuminate\\Routing\\{closure}(Object(Illuminate\\Http\\Request))
#20 C:\\Users\\BUIQUOCHUY\\Desktop\\WEBEZJOB\\DoAnWebBE\\vendor\\laravel\\framework\\src\\Illuminate\\Pipeline\\Pipeline.php(163): Illuminate\\Routing\\Middleware\\SubstituteBindings->handle(Object(Illuminate\\Http\\Request), Object(Closure))
#21 C:\\Users\\BUIQUOCHUY\\Desktop\\WEBEZJOB\\DoAnWebBE\\vendor\\laravel\\framework\\src\\Illuminate\\Routing\\Pipeline.php(53): Illuminate\\Pipeline\\Pipeline->Illuminate\\Pipeline\\{closure}(Object(Illuminate\\Http\\Request))
#22 C:\\Users\\BUIQUOCHUY\\Desktop\\WEBEZJOB\\DoAnWebBE\\vendor\\laravel\\framework\\src\\Illuminate\\Foundation\\Http\\Middleware\\VerifyCsrfToken.php(75): Illuminate\\Routing\\Pipeline->Illuminate\\Routing\\{closure}(Object(Illuminate\\Http\\Request))
#23 C:\\Users\\BUIQUOCHUY\\Desktop\\WEBEZJOB\\DoAnWebBE\\vendor\\laravel\\framework\\src\\Illuminate\\Pipeline\\Pipeline.php(163): Illuminate\\Foundation\\Http\\Middleware\\VerifyCsrfToken->handle(Object(Illuminate\\Http\\Request), Object(Closure))
#24 C:\\Users\\BUIQUOCHUY\\Desktop\\WEBEZJOB\\DoAnWebBE\\vendor\\laravel\\framework\\src\\Illuminate\\Routing\\Pipeline.php(53): Illuminate\\Pipeline\\Pipeline->Illuminate\\Pipeline\\{closure}(Object(Illuminate\\Http\\Request))
#25 C:\\Users\\BUIQUOCHUY\\Desktop\\WEBEZJOB\\DoAnWebBE\\vendor\\laravel\\framework\\src\\Illuminate\\View\\Middleware\\ShareErrorsFromSession.php(49): Illuminate\\Routing\\Pipeline->Illuminate\\Routing\\{closure}(Object(Illuminate\\Http\\Request))
#26 C:\\Users\\BUIQUOCHUY\\Desktop\\WEBEZJOB\\DoAnWebBE\\vendor\\laravel\\framework\\src\\Illuminate\\Pipeline\\Pipeline.php(163): Illuminate\\View\\Middleware\\ShareErrorsFromSession->handle(Object(Illuminate\\Http\\Request), Object(Closure))
#27 C:\\Users\\BUIQUOCHUY\\Desktop\\WEBEZJOB\\DoAnWebBE\\vendor\\laravel\\framework\\src\\Illuminate\\Routing\\Pipeline.php(53): Illuminate\\Pipeline\\Pipeline->Illuminate\\Pipeline\\{closure}(Object(Illuminate\\Http\\Request))
#28 C:\\Users\\BUIQUOCHUY\\Desktop\\WEBEZJOB\\DoAnWebBE\\vendor\\laravel\\framework\\src\\Illuminate\\Session\\Middleware\\StartSession.php(56): Illuminate\\Routing\\Pipeline->Illuminate\\Routing\\{closure}(Object(Illuminate\\Http\\Request))
#29 C:\\Users\\BUIQUOCHUY\\Desktop\\WEBEZJOB\\DoAnWebBE\\vendor\\laravel\\framework\\src\\Illuminate\\Pipeline\\Pipeline.php(163): Illuminate\\Session\\Middleware\\StartSession->handle(Object(Illuminate\\Http\\Request), Object(Closure))
#30 C:\\Users\\BUIQUOCHUY\\Desktop\\WEBEZJOB\\DoAnWebBE\\vendor\\laravel\\framework\\src\\Illuminate\\Routing\\Pipeline.php(53): Illuminate\\Pipeline\\Pipeline->Illuminate\\Pipeline\\{closure}(Object(Illuminate\\Http\\Request))
#31 C:\\Users\\BUIQUOCHUY\\Desktop\\WEBEZJOB\\DoAnWebBE\\vendor\\laravel\\framework\\src\\Illuminate\\Cookie\\Middleware\\AddQueuedCookiesToResponse.php(37): Illuminate\\Routing\\Pipeline->Illuminate\\Routing\\{closure}(Object(Illuminate\\Http\\Request))
#32 C:\\Users\\BUIQUOCHUY\\Desktop\\WEBEZJOB\\DoAnWebBE\\vendor\\laravel\\framework\\src\\Illuminate\\Pipeline\\Pipeline.php(163): Illuminate\\Cookie\\Middleware\\AddQueuedCookiesToResponse->handle(Object(Illuminate\\Http\\Request), Object(Closure))
#33 C:\\Users\\BUIQUOCHUY\\Desktop\\WEBEZJOB\\DoAnWebBE\\vendor\\laravel\\framework\\src\\Illuminate\\Routing\\Pipeline.php(53): Illuminate\\Pipeline\\Pipeline->Illuminate\\Pipeline\\{closure}(Object(Illuminate\\Http\\Request))
#34 C:\\Users\\BUIQUOCHUY\\Desktop\\WEBEZJOB\\DoAnWebBE\\vendor\\laravel\\framework\\src\\Illuminate\\Cookie\\Middleware\\EncryptCookies.php(66): Illuminate\\Routing\\Pipeline->Illuminate\\Routing\\{closure}(Object(Illuminate\\Http\\Request))
#35 C:\\Users\\BUIQUOCHUY\\Desktop\\WEBEZJOB\\DoAnWebBE\\vendor\\laravel\\framework\\src\\Illuminate\\Pipeline\\Pipeline.php(163): Illuminate\\Cookie\\Middleware\\EncryptCookies->handle(Object(Illuminate\\Http\\Request), Object(Closure))
#36 C:\\Users\\BUIQUOCHUY\\Desktop\\WEBEZJOB\\DoAnWebBE\\vendor\\laravel\\framework\\src\\Illuminate\\Routing\\Pipeline.php(53): Illuminate\\Pipeline\\Pipeline->Illuminate\\Pipeline\\{closure}(Object(Illuminate\\Http\\Request))
#37 C:\\Users\\BUIQUOCHUY\\Desktop\\WEBEZJOB\\DoAnWebBE\\vendor\\laravel\\framework\\src\\Illuminate\\Pipeline\\Pipeline.php(104): Illuminate\\Routing\\Pipeline->Illuminate\\Routing\\{closure}(Object(Illuminate\\Http\\Request))
#38 C:\\Users\\BUIQUOCHUY\\Desktop\\WEBEZJOB\\DoAnWebBE\\vendor\\laravel\\framework\\src\\Illuminate\\Routing\\Router.php(682): Illuminate\\Pipeline\\Pipeline->then(Object(Closure))
#39 C:\\Users\\BUIQUOCHUY\\Desktop\\WEBEZJOB\\DoAnWebBE\\vendor\\laravel\\framework\\src\\Illuminate\\Routing\\Router.php(657): Illuminate\\Routing\\Router->runRouteWithinStack(Object(Illuminate\\Routing\\Route), Object(Illuminate\\Http\\Request))
#40 C:\\Users\\BUIQUOCHUY\\Desktop\\WEBEZJOB\\DoAnWebBE\\vendor\\laravel\\framework\\src\\Illuminate\\Routing\\Router.php(623): Illuminate\\Routing\\Router->runRoute(Object(Illuminate\\Http\\Request), Object(Illuminate\\Routing\\Route))
#41 C:\\Users\\BUIQUOCHUY\\Desktop\\WEBEZJOB\\DoAnWebBE\\vendor\\laravel\\framework\\src\\Illuminate\\Routing\\Router.php(612): Illuminate\\Routing\\Router->dispatchToRoute(Object(Illuminate\\Http\\Request))
#42 C:\\Users\\BUIQUOCHUY\\Desktop\\WEBEZJOB\\DoAnWebBE\\vendor\\laravel\\framework\\src\\Illuminate\\Foundation\\Http\\Kernel.php(176): Illuminate\\Routing\\Router->dispatch(Object(Illuminate\\Http\\Request))
#43 C:\\Users\\BUIQUOCHUY\\Desktop\\WEBEZJOB\\DoAnWebBE\\vendor\\laravel\\framework\\src\\Illuminate\\Routing\\Pipeline.php(30): Illuminate\\Foundation\\Http\\Kernel->Illuminate\\Foundation\\Http\\{closure}(Object(Illuminate\\Http\\Request))
#44 C:\\Users\\BUIQUOCHUY\\Desktop\\WEBEZJOB\\DoAnWebBE\\vendor\\fideloper\\proxy\\src\\TrustProxies.php(57): Illuminate\\Routing\\Pipeline->Illuminate\\Routing\\{closure}(Object(Illuminate\\Http\\Request))
#45 C:\\Users\\BUIQUOCHUY\\Desktop\\WEBEZJOB\\DoAnWebBE\\vendor\\laravel\\framework\\src\\Illuminate\\Pipeline\\Pipeline.php(163): Fideloper\\Proxy\\TrustProxies->handle(Object(Illuminate\\Http\\Request), Object(Closure))
#46 C:\\Users\\BUIQUOCHUY\\Desktop\\WEBEZJOB\\DoAnWebBE\\vendor\\laravel\\framework\\src\\Illuminate\\Routing\\Pipeline.php(53): Illuminate\\Pipeline\\Pipeline->Illuminate\\Pipeline\\{closure}(Object(Illuminate\\Http\\Request))
#47 C:\\Users\\BUIQUOCHUY\\Desktop\\WEBEZJOB\\DoAnWebBE\\vendor\\laravel\\framework\\src\\Illuminate\\Foundation\\Http\\Middleware\\TransformsRequest.php(21): Illuminate\\Routing\\Pipeline->Illuminate\\Routing\\{closure}(Object(Illuminate\\Http\\Request))
#48 C:\\Users\\BUIQUOCHUY\\Desktop\\WEBEZJOB\\DoAnWebBE\\vendor\\laravel\\framework\\src\\Illuminate\\Pipeline\\Pipeline.php(163): Illuminate\\Foundation\\Http\\Middleware\\TransformsRequest->handle(Object(Illuminate\\Http\\Request), Object(Closure))
#49 C:\\Users\\BUIQUOCHUY\\Desktop\\WEBEZJOB\\DoAnWebBE\\vendor\\laravel\\framework\\src\\Illuminate\\Routing\\Pipeline.php(53): Illuminate\\Pipeline\\Pipeline->Illuminate\\Pipeline\\{closure}(Object(Illuminate\\Http\\Request))
#50 C:\\Users\\BUIQUOCHUY\\Desktop\\WEBEZJOB\\DoAnWebBE\\vendor\\laravel\\framework\\src\\Illuminate\\Foundation\\Http\\Middleware\\TransformsRequest.php(21): Illuminate\\Routing\\Pipeline->Illuminate\\Routing\\{closure}(Object(Illuminate\\Http\\Request))
#51 C:\\Users\\BUIQUOCHUY\\Desktop\\WEBEZJOB\\DoAnWebBE\\vendor\\laravel\\framework\\src\\Illuminate\\Pipeline\\Pipeline.php(163): Illuminate\\Foundation\\Http\\Middleware\\TransformsRequest->handle(Object(Illuminate\\Http\\Request), Object(Closure))
#52 C:\\Users\\BUIQUOCHUY\\Desktop\\WEBEZJOB\\DoAnWebBE\\vendor\\laravel\\framework\\src\\Illuminate\\Routing\\Pipeline.php(53): Illuminate\\Pipeline\\Pipeline->Illuminate\\Pipeline\\{closure}(Object(Illuminate\\Http\\Request))
#53 C:\\Users\\BUIQUOCHUY\\Desktop\\WEBEZJOB\\DoAnWebBE\\vendor\\laravel\\framework\\src\\Illuminate\\Foundation\\Http\\Middleware\\ValidatePostSize.php(27): Illuminate\\Routing\\Pipeline->Illuminate\\Routing\\{closure}(Object(Illuminate\\Http\\Request))
#54 C:\\Users\\BUIQUOCHUY\\Desktop\\WEBEZJOB\\DoAnWebBE\\vendor\\laravel\\framework\\src\\Illuminate\\Pipeline\\Pipeline.php(163): Illuminate\\Foundation\\Http\\Middleware\\ValidatePostSize->handle(Object(Illuminate\\Http\\Request), Object(Closure))
#55 C:\\Users\\BUIQUOCHUY\\Desktop\\WEBEZJOB\\DoAnWebBE\\vendor\\laravel\\framework\\src\\Illuminate\\Routing\\Pipeline.php(53): Illuminate\\Pipeline\\Pipeline->Illuminate\\Pipeline\\{closure}(Object(Illuminate\\Http\\Request))
#56 C:\\Users\\BUIQUOCHUY\\Desktop\\WEBEZJOB\\DoAnWebBE\\vendor\\laravel\\framework\\src\\Illuminate\\Foundation\\Http\\Middleware\\CheckForMaintenanceMode.php(62): Illuminate\\Routing\\Pipeline->Illuminate\\Routing\\{closure}(Object(Illuminate\\Http\\Request))
#57 C:\\Users\\BUIQUOCHUY\\Desktop\\WEBEZJOB\\DoAnWebBE\\vendor\\laravel\\framework\\src\\Illuminate\\Pipeline\\Pipeline.php(163): Illuminate\\Foundation\\Http\\Middleware\\CheckForMaintenanceMode->handle(Object(Illuminate\\Http\\Request), Object(Closure))
#58 C:\\Users\\BUIQUOCHUY\\Desktop\\WEBEZJOB\\DoAnWebBE\\vendor\\laravel\\framework\\src\\Illuminate\\Routing\\Pipeline.php(53): Illuminate\\Pipeline\\Pipeline->Illuminate\\Pipeline\\{closure}(Object(Illuminate\\Http\\Request))
#59 C:\\Users\\BUIQUOCHUY\\Desktop\\WEBEZJOB\\DoAnWebBE\\vendor\\laravel\\framework\\src\\Illuminate\\Pipeline\\Pipeline.php(104): Illuminate\\Routing\\Pipeline->Illuminate\\Routing\\{closure}(Object(Illuminate\\Http\\Request))
#60 C:\\Users\\BUIQUOCHUY\\Desktop\\WEBEZJOB\\DoAnWebBE\\vendor\\laravel\\framework\\src\\Illuminate\\Foundation\\Http\\Kernel.php(151): Illuminate\\Pipeline\\Pipeline->then(Object(Closure))
#61 C:\\Users\\BUIQUOCHUY\\Desktop\\WEBEZJOB\\DoAnWebBE\\vendor\\laravel\\framework\\src\\Illuminate\\Foundation\\Http\\Kernel.php(116): Illuminate\\Foundation\\Http\\Kernel->sendRequestThroughRouter(Object(Illuminate\\Http\\Request))
#62 C:\\Users\\BUIQUOCHUY\\Desktop\\WEBEZJOB\\DoAnWebBE\\public\\index.php(55): Illuminate\\Foundation\\Http\\Kernel->handle(Object(Illuminate\\Http\\Request))
#63 C:\\Users\\BUIQUOCHUY\\Desktop\\WEBEZJOB\\DoAnWebBE\\server.php(21): require_once('C:\\\\Users\\\\BUIQUO...')
#64 {main}
"} 
[2021-12-13 15:16:01] local.ERROR: Class 'App\Mail\SendInvitation' not found {"userId":1,"exception":"[object] (Symfony\\Component\\Debug\\Exception\\FatalThrowableError(code: 0): Class 'App\\Mail\\SendInvitation' not found at C:\\Users\\BUIQUOCHUY\\Desktop\\WEBEZJOB\\DoAnWebBE\\app\\Http\\Controllers\\ProjectController.php:137)
[stacktrace]
#0 C:\\Users\\BUIQUOCHUY\\Desktop\\WEBEZJOB\\DoAnWebBE\\app\\Http\\Controllers\\ProjectController.php(82): App\\Http\\Controllers\\ProjectController->inviteUser(Object(App\\User), Object(App\\Project), 'Member')
#1 [internal function]: App\\Http\\Controllers\\ProjectController->store('huy', Object(Illuminate\\Http\\Request))
#2 C:\\Users\\BUIQUOCHUY\\Desktop\\WEBEZJOB\\DoAnWebBE\\vendor\\laravel\\framework\\src\\Illuminate\\Routing\\Controller.php(54): call_user_func_array(Array, Array)
#3 C:\\Users\\BUIQUOCHUY\\Desktop\\WEBEZJOB\\DoAnWebBE\\vendor\\laravel\\framework\\src\\Illuminate\\Routing\\ControllerDispatcher.php(45): Illuminate\\Routing\\Controller->callAction('store', Array)
#4 C:\\Users\\BUIQUOCHUY\\Desktop\\WEBEZJOB\\DoAnWebBE\\vendor\\laravel\\framework\\src\\Illuminate\\Routing\\Route.php(219): Illuminate\\Routing\\ControllerDispatcher->dispatch(Object(Illuminate\\Routing\\Route), Object(App\\Http\\Controllers\\ProjectController), 'store')
#5 C:\\Users\\BUIQUOCHUY\\Desktop\\WEBEZJOB\\DoAnWebBE\\vendor\\laravel\\framework\\src\\Illuminate\\Routing\\Route.php(176): Illuminate\\Routing\\Route->runController()
#6 C:\\Users\\BUIQUOCHUY\\Desktop\\WEBEZJOB\\DoAnWebBE\\vendor\\laravel\\framework\\src\\Illuminate\\Routing\\Router.php(680): Illuminate\\Routing\\Route->run()
#7 C:\\Users\\BUIQUOCHUY\\Desktop\\WEBEZJOB\\DoAnWebBE\\vendor\\laravel\\framework\\src\\Illuminate\\Routing\\Pipeline.php(30): Illuminate\\Routing\\Router->Illuminate\\Routing\\{closure}(Object(Illuminate\\Http\\Request))
#8 C:\\Users\\BUIQUOCHUY\\Desktop\\WEBEZJOB\\DoAnWebBE\\app\\Http\\Middleware\\XSS.php(23): Illuminate\\Routing\\Pipeline->Illuminate\\Routing\\{closure}(Object(Illuminate\\Http\\Request))
#9 C:\\Users\\BUIQUOCHUY\\Desktop\\WEBEZJOB\\DoAnWebBE\\vendor\\laravel\\framework\\src\\Illuminate\\Pipeline\\Pipeline.php(163): App\\Http\\Middleware\\XSS->handle(Object(Illuminate\\Http\\Request), Object(Closure))
#10 C:\\Users\\BUIQUOCHUY\\Desktop\\WEBEZJOB\\DoAnWebBE\\vendor\\laravel\\framework\\src\\Illuminate\\Routing\\Pipeline.php(53): Illuminate\\Pipeline\\Pipeline->Illuminate\\Pipeline\\{closure}(Object(Illuminate\\Http\\Request))
#11 C:\\Users\\BUIQUOCHUY\\Desktop\\WEBEZJOB\\DoAnWebBE\\vendor\\laravel\\framework\\src\\Illuminate\\Routing\\Middleware\\SubstituteBindings.php(41): Illuminate\\Routing\\Pipeline->Illuminate\\Routing\\{closure}(Object(Illuminate\\Http\\Request))
#12 C:\\Users\\BUIQUOCHUY\\Desktop\\WEBEZJOB\\DoAnWebBE\\vendor\\laravel\\framework\\src\\Illuminate\\Pipeline\\Pipeline.php(163): Illuminate\\Routing\\Middleware\\SubstituteBindings->handle(Object(Illuminate\\Http\\Request), Object(Closure))
#13 C:\\Users\\BUIQUOCHUY\\Desktop\\WEBEZJOB\\DoAnWebBE\\vendor\\laravel\\framework\\src\\Illuminate\\Routing\\Pipeline.php(53): Illuminate\\Pipeline\\Pipeline->Illuminate\\Pipeline\\{closure}(Object(Illuminate\\Http\\Request))
#14 C:\\Users\\BUIQUOCHUY\\Desktop\\WEBEZJOB\\DoAnWebBE\\vendor\\laravel\\framework\\src\\Illuminate\\Auth\\Middleware\\Authenticate.php(43): Illuminate\\Routing\\Pipeline->Illuminate\\Routing\\{closure}(Object(Illuminate\\Http\\Request))
#15 C:\\Users\\BUIQUOCHUY\\Desktop\\WEBEZJOB\\DoAnWebBE\\vendor\\laravel\\framework\\src\\Illuminate\\Pipeline\\Pipeline.php(163): Illuminate\\Auth\\Middleware\\Authenticate->handle(Object(Illuminate\\Http\\Request), Object(Closure))
#16 C:\\Users\\BUIQUOCHUY\\Desktop\\WEBEZJOB\\DoAnWebBE\\vendor\\laravel\\framework\\src\\Illuminate\\Routing\\Pipeline.php(53): Illuminate\\Pipeline\\Pipeline->Illuminate\\Pipeline\\{closure}(Object(Illuminate\\Http\\Request))
#17 C:\\Users\\BUIQUOCHUY\\Desktop\\WEBEZJOB\\DoAnWebBE\\vendor\\laravel\\framework\\src\\Illuminate\\Foundation\\Http\\Middleware\\VerifyCsrfToken.php(75): Illuminate\\Routing\\Pipeline->Illuminate\\Routing\\{closure}(Object(Illuminate\\Http\\Request))
#18 C:\\Users\\BUIQUOCHUY\\Desktop\\WEBEZJOB\\DoAnWebBE\\vendor\\laravel\\framework\\src\\Illuminate\\Pipeline\\Pipeline.php(163): Illuminate\\Foundation\\Http\\Middleware\\VerifyCsrfToken->handle(Object(Illuminate\\Http\\Request), Object(Closure))
#19 C:\\Users\\BUIQUOCHUY\\Desktop\\WEBEZJOB\\DoAnWebBE\\vendor\\laravel\\framework\\src\\Illuminate\\Routing\\Pipeline.php(53): Illuminate\\Pipeline\\Pipeline->Illuminate\\Pipeline\\{closure}(Object(Illuminate\\Http\\Request))
#20 C:\\Users\\BUIQUOCHUY\\Desktop\\WEBEZJOB\\DoAnWebBE\\vendor\\laravel\\framework\\src\\Illuminate\\View\\Middleware\\ShareErrorsFromSession.php(49): Illuminate\\Routing\\Pipeline->Illuminate\\Routing\\{closure}(Object(Illuminate\\Http\\Request))
#21 C:\\Users\\BUIQUOCHUY\\Desktop\\WEBEZJOB\\DoAnWebBE\\vendor\\laravel\\framework\\src\\Illuminate\\Pipeline\\Pipeline.php(163): Illuminate\\View\\Middleware\\ShareErrorsFromSession->handle(Object(Illuminate\\Http\\Request), Object(Closure))
#22 C:\\Users\\BUIQUOCHUY\\Desktop\\WEBEZJOB\\DoAnWebBE\\vendor\\laravel\\framework\\src\\Illuminate\\Routing\\Pipeline.php(53): Illuminate\\Pipeline\\Pipeline->Illuminate\\Pipeline\\{closure}(Object(Illuminate\\Http\\Request))
#23 C:\\Users\\BUIQUOCHUY\\Desktop\\WEBEZJOB\\DoAnWebBE\\vendor\\laravel\\framework\\src\\Illuminate\\Session\\Middleware\\StartSession.php(56): Illuminate\\Routing\\Pipeline->Illuminate\\Routing\\{closure}(Object(Illuminate\\Http\\Request))
#24 C:\\Users\\BUIQUOCHUY\\Desktop\\WEBEZJOB\\DoAnWebBE\\vendor\\laravel\\framework\\src\\Illuminate\\Pipeline\\Pipeline.php(163): Illuminate\\Session\\Middleware\\StartSession->handle(Object(Illuminate\\Http\\Request), Object(Closure))
#25 C:\\Users\\BUIQUOCHUY\\Desktop\\WEBEZJOB\\DoAnWebBE\\vendor\\laravel\\framework\\src\\Illuminate\\Routing\\Pipeline.php(53): Illuminate\\Pipeline\\Pipeline->Illuminate\\Pipeline\\{closure}(Object(Illuminate\\Http\\Request))
#26 C:\\Users\\BUIQUOCHUY\\Desktop\\WEBEZJOB\\DoAnWebBE\\vendor\\laravel\\framework\\src\\Illuminate\\Cookie\\Middleware\\AddQueuedCookiesToResponse.php(37): Illuminate\\Routing\\Pipeline->Illuminate\\Routing\\{closure}(Object(Illuminate\\Http\\Request))
#27 C:\\Users\\BUIQUOCHUY\\Desktop\\WEBEZJOB\\DoAnWebBE\\vendor\\laravel\\framework\\src\\Illuminate\\Pipeline\\Pipeline.php(163): Illuminate\\Cookie\\Middleware\\AddQueuedCookiesToResponse->handle(Object(Illuminate\\Http\\Request), Object(Closure))
#28 C:\\Users\\BUIQUOCHUY\\Desktop\\WEBEZJOB\\DoAnWebBE\\vendor\\laravel\\framework\\src\\Illuminate\\Routing\\Pipeline.php(53): Illuminate\\Pipeline\\Pipeline->Illuminate\\Pipeline\\{closure}(Object(Illuminate\\Http\\Request))
#29 C:\\Users\\BUIQUOCHUY\\Desktop\\WEBEZJOB\\DoAnWebBE\\vendor\\laravel\\framework\\src\\Illuminate\\Cookie\\Middleware\\EncryptCookies.php(66): Illuminate\\Routing\\Pipeline->Illuminate\\Routing\\{closure}(Object(Illuminate\\Http\\Request))
#30 C:\\Users\\BUIQUOCHUY\\Desktop\\WEBEZJOB\\DoAnWebBE\\vendor\\laravel\\framework\\src\\Illuminate\\Pipeline\\Pipeline.php(163): Illuminate\\Cookie\\Middleware\\EncryptCookies->handle(Object(Illuminate\\Http\\Request), Object(Closure))
#31 C:\\Users\\BUIQUOCHUY\\Desktop\\WEBEZJOB\\DoAnWebBE\\vendor\\laravel\\framework\\src\\Illuminate\\Routing\\Pipeline.php(53): Illuminate\\Pipeline\\Pipeline->Illuminate\\Pipeline\\{closure}(Object(Illuminate\\Http\\Request))
#32 C:\\Users\\BUIQUOCHUY\\Desktop\\WEBEZJOB\\DoAnWebBE\\vendor\\laravel\\framework\\src\\Illuminate\\Pipeline\\Pipeline.php(104): Illuminate\\Routing\\Pipeline->Illuminate\\Routing\\{closure}(Object(Illuminate\\Http\\Request))
#33 C:\\Users\\BUIQUOCHUY\\Desktop\\WEBEZJOB\\DoAnWebBE\\vendor\\laravel\\framework\\src\\Illuminate\\Routing\\Router.php(682): Illuminate\\Pipeline\\Pipeline->then(Object(Closure))
#34 C:\\Users\\BUIQUOCHUY\\Desktop\\WEBEZJOB\\DoAnWebBE\\vendor\\laravel\\framework\\src\\Illuminate\\Routing\\Router.php(657): Illuminate\\Routing\\Router->runRouteWithinStack(Object(Illuminate\\Routing\\Route), Object(Illuminate\\Http\\Request))
#35 C:\\Users\\BUIQUOCHUY\\Desktop\\WEBEZJOB\\DoAnWebBE\\vendor\\laravel\\framework\\src\\Illuminate\\Routing\\Router.php(623): Illuminate\\Routing\\Router->runRoute(Object(Illuminate\\Http\\Request), Object(Illuminate\\Routing\\Route))
#36 C:\\Users\\BUIQUOCHUY\\Desktop\\WEBEZJOB\\DoAnWebBE\\vendor\\laravel\\framework\\src\\Illuminate\\Routing\\Router.php(612): Illuminate\\Routing\\Router->dispatchToRoute(Object(Illuminate\\Http\\Request))
#37 C:\\Users\\BUIQUOCHUY\\Desktop\\WEBEZJOB\\DoAnWebBE\\vendor\\laravel\\framework\\src\\Illuminate\\Foundation\\Http\\Kernel.php(176): Illuminate\\Routing\\Router->dispatch(Object(Illuminate\\Http\\Request))
#38 C:\\Users\\BUIQUOCHUY\\Desktop\\WEBEZJOB\\DoAnWebBE\\vendor\\laravel\\framework\\src\\Illuminate\\Routing\\Pipeline.php(30): Illuminate\\Foundation\\Http\\Kernel->Illuminate\\Foundation\\Http\\{closure}(Object(Illuminate\\Http\\Request))
#39 C:\\Users\\BUIQUOCHUY\\Desktop\\WEBEZJOB\\DoAnWebBE\\vendor\\fideloper\\proxy\\src\\TrustProxies.php(57): Illuminate\\Routing\\Pipeline->Illuminate\\Routing\\{closure}(Object(Illuminate\\Http\\Request))
#40 C:\\Users\\BUIQUOCHUY\\Desktop\\WEBEZJOB\\DoAnWebBE\\vendor\\laravel\\framework\\src\\Illuminate\\Pipeline\\Pipeline.php(163): Fideloper\\Proxy\\TrustProxies->handle(Object(Illuminate\\Http\\Request), Object(Closure))
#41 C:\\Users\\BUIQUOCHUY\\Desktop\\WEBEZJOB\\DoAnWebBE\\vendor\\laravel\\framework\\src\\Illuminate\\Routing\\Pipeline.php(53): Illuminate\\Pipeline\\Pipeline->Illuminate\\Pipeline\\{closure}(Object(Illuminate\\Http\\Request))
#42 C:\\Users\\BUIQUOCHUY\\Desktop\\WEBEZJOB\\DoAnWebBE\\vendor\\laravel\\framework\\src\\Illuminate\\Foundation\\Http\\Middleware\\TransformsRequest.php(21): Illuminate\\Routing\\Pipeline->Illuminate\\Routing\\{closure}(Object(Illuminate\\Http\\Request))
#43 C:\\Users\\BUIQUOCHUY\\Desktop\\WEBEZJOB\\DoAnWebBE\\vendor\\laravel\\framework\\src\\Illuminate\\Pipeline\\Pipeline.php(163): Illuminate\\Foundation\\Http\\Middleware\\TransformsRequest->handle(Object(Illuminate\\Http\\Request), Object(Closure))
#44 C:\\Users\\BUIQUOCHUY\\Desktop\\WEBEZJOB\\DoAnWebBE\\vendor\\laravel\\framework\\src\\Illuminate\\Routing\\Pipeline.php(53): Illuminate\\Pipeline\\Pipeline->Illuminate\\Pipeline\\{closure}(Object(Illuminate\\Http\\Request))
#45 C:\\Users\\BUIQUOCHUY\\Desktop\\WEBEZJOB\\DoAnWebBE\\vendor\\laravel\\framework\\src\\Illuminate\\Foundation\\Http\\Middleware\\TransformsRequest.php(21): Illuminate\\Routing\\Pipeline->Illuminate\\Routing\\{closure}(Object(Illuminate\\Http\\Request))
#46 C:\\Users\\BUIQUOCHUY\\Desktop\\WEBEZJOB\\DoAnWebBE\\vendor\\laravel\\framework\\src\\Illuminate\\Pipeline\\Pipeline.php(163): Illuminate\\Foundation\\Http\\Middleware\\TransformsRequest->handle(Object(Illuminate\\Http\\Request), Object(Closure))
#47 C:\\Users\\BUIQUOCHUY\\Desktop\\WEBEZJOB\\DoAnWebBE\\vendor\\laravel\\framework\\src\\Illuminate\\Routing\\Pipeline.php(53): Illuminate\\Pipeline\\Pipeline->Illuminate\\Pipeline\\{closure}(Object(Illuminate\\Http\\Request))
#48 C:\\Users\\BUIQUOCHUY\\Desktop\\WEBEZJOB\\DoAnWebBE\\vendor\\laravel\\framework\\src\\Illuminate\\Foundation\\Http\\Middleware\\ValidatePostSize.php(27): Illuminate\\Routing\\Pipeline->Illuminate\\Routing\\{closure}(Object(Illuminate\\Http\\Request))
#49 C:\\Users\\BUIQUOCHUY\\Desktop\\WEBEZJOB\\DoAnWebBE\\vendor\\laravel\\framework\\src\\Illuminate\\Pipeline\\Pipeline.php(163): Illuminate\\Foundation\\Http\\Middleware\\ValidatePostSize->handle(Object(Illuminate\\Http\\Request), Object(Closure))
#50 C:\\Users\\BUIQUOCHUY\\Desktop\\WEBEZJOB\\DoAnWebBE\\vendor\\laravel\\framework\\src\\Illuminate\\Routing\\Pipeline.php(53): Illuminate\\Pipeline\\Pipeline->Illuminate\\Pipeline\\{closure}(Object(Illuminate\\Http\\Request))
#51 C:\\Users\\BUIQUOCHUY\\Desktop\\WEBEZJOB\\DoAnWebBE\\vendor\\laravel\\framework\\src\\Illuminate\\Foundation\\Http\\Middleware\\CheckForMaintenanceMode.php(62): Illuminate\\Routing\\Pipeline->Illuminate\\Routing\\{closure}(Object(Illuminate\\Http\\Request))
#52 C:\\Users\\BUIQUOCHUY\\Desktop\\WEBEZJOB\\DoAnWebBE\\vendor\\laravel\\framework\\src\\Illuminate\\Pipeline\\Pipeline.php(163): Illuminate\\Foundation\\Http\\Middleware\\CheckForMaintenanceMode->handle(Object(Illuminate\\Http\\Request), Object(Closure))
#53 C:\\Users\\BUIQUOCHUY\\Desktop\\WEBEZJOB\\DoAnWebBE\\vendor\\laravel\\framework\\src\\Illuminate\\Routing\\Pipeline.php(53): Illuminate\\Pipeline\\Pipeline->Illuminate\\Pipeline\\{closure}(Object(Illuminate\\Http\\Request))
#54 C:\\Users\\BUIQUOCHUY\\Desktop\\WEBEZJOB\\DoAnWebBE\\vendor\\laravel\\framework\\src\\Illuminate\\Pipeline\\Pipeline.php(104): Illuminate\\Routing\\Pipeline->Illuminate\\Routing\\{closure}(Object(Illuminate\\Http\\Request))
#55 C:\\Users\\BUIQUOCHUY\\Desktop\\WEBEZJOB\\DoAnWebBE\\vendor\\laravel\\framework\\src\\Illuminate\\Foundation\\Http\\Kernel.php(151): Illuminate\\Pipeline\\Pipeline->then(Object(Closure))
#56 C:\\Users\\BUIQUOCHUY\\Desktop\\WEBEZJOB\\DoAnWebBE\\vendor\\laravel\\framework\\src\\Illuminate\\Foundation\\Http\\Kernel.php(116): Illuminate\\Foundation\\Http\\Kernel->sendRequestThroughRouter(Object(Illuminate\\Http\\Request))
#57 C:\\Users\\BUIQUOCHUY\\Desktop\\WEBEZJOB\\DoAnWebBE\\public\\index.php(55): Illuminate\\Foundation\\Http\\Kernel->handle(Object(Illuminate\\Http\\Request))
#58 C:\\Users\\BUIQUOCHUY\\Desktop\\WEBEZJOB\\DoAnWebBE\\server.php(21): require_once('C:\\\\Users\\\\BUIQUO...')
#59 {main}
"} 
[2021-12-13 15:16:51] local.ERROR: Class 'App\Mail\SendInvitation' not found {"userId":1,"exception":"[object] (Symfony\\Component\\Debug\\Exception\\FatalThrowableError(code: 0): Class 'App\\Mail\\SendInvitation' not found at C:\\Users\\BUIQUOCHUY\\Desktop\\WEBEZJOB\\DoAnWebBE\\app\\Http\\Controllers\\ProjectController.php:137)
[stacktrace]
#0 C:\\Users\\BUIQUOCHUY\\Desktop\\WEBEZJOB\\DoAnWebBE\\app\\Http\\Controllers\\ProjectController.php(82): App\\Http\\Controllers\\ProjectController->inviteUser(Object(App\\User), Object(App\\Project), 'Member')
#1 [internal function]: App\\Http\\Controllers\\ProjectController->store('huy', Object(Illuminate\\Http\\Request))
#2 C:\\Users\\BUIQUOCHUY\\Desktop\\WEBEZJOB\\DoAnWebBE\\vendor\\laravel\\framework\\src\\Illuminate\\Routing\\Controller.php(54): call_user_func_array(Array, Array)
#3 C:\\Users\\BUIQUOCHUY\\Desktop\\WEBEZJOB\\DoAnWebBE\\vendor\\laravel\\framework\\src\\Illuminate\\Routing\\ControllerDispatcher.php(45): Illuminate\\Routing\\Controller->callAction('store', Array)
#4 C:\\Users\\BUIQUOCHUY\\Desktop\\WEBEZJOB\\DoAnWebBE\\vendor\\laravel\\framework\\src\\Illuminate\\Routing\\Route.php(219): Illuminate\\Routing\\ControllerDispatcher->dispatch(Object(Illuminate\\Routing\\Route), Object(App\\Http\\Controllers\\ProjectController), 'store')
#5 C:\\Users\\BUIQUOCHUY\\Desktop\\WEBEZJOB\\DoAnWebBE\\vendor\\laravel\\framework\\src\\Illuminate\\Routing\\Route.php(176): Illuminate\\Routing\\Route->runController()
#6 C:\\Users\\BUIQUOCHUY\\Desktop\\WEBEZJOB\\DoAnWebBE\\vendor\\laravel\\framework\\src\\Illuminate\\Routing\\Router.php(680): Illuminate\\Routing\\Route->run()
#7 C:\\Users\\BUIQUOCHUY\\Desktop\\WEBEZJOB\\DoAnWebBE\\vendor\\laravel\\framework\\src\\Illuminate\\Routing\\Pipeline.php(30): Illuminate\\Routing\\Router->Illuminate\\Routing\\{closure}(Object(Illuminate\\Http\\Request))
#8 C:\\Users\\BUIQUOCHUY\\Desktop\\WEBEZJOB\\DoAnWebBE\\app\\Http\\Middleware\\XSS.php(23): Illuminate\\Routing\\Pipeline->Illuminate\\Routing\\{closure}(Object(Illuminate\\Http\\Request))
#9 C:\\Users\\BUIQUOCHUY\\Desktop\\WEBEZJOB\\DoAnWebBE\\vendor\\laravel\\framework\\src\\Illuminate\\Pipeline\\Pipeline.php(163): App\\Http\\Middleware\\XSS->handle(Object(Illuminate\\Http\\Request), Object(Closure))
#10 C:\\Users\\BUIQUOCHUY\\Desktop\\WEBEZJOB\\DoAnWebBE\\vendor\\laravel\\framework\\src\\Illuminate\\Routing\\Pipeline.php(53): Illuminate\\Pipeline\\Pipeline->Illuminate\\Pipeline\\{closure}(Object(Illuminate\\Http\\Request))
#11 C:\\Users\\BUIQUOCHUY\\Desktop\\WEBEZJOB\\DoAnWebBE\\vendor\\laravel\\framework\\src\\Illuminate\\Routing\\Middleware\\SubstituteBindings.php(41): Illuminate\\Routing\\Pipeline->Illuminate\\Routing\\{closure}(Object(Illuminate\\Http\\Request))
#12 C:\\Users\\BUIQUOCHUY\\Desktop\\WEBEZJOB\\DoAnWebBE\\vendor\\laravel\\framework\\src\\Illuminate\\Pipeline\\Pipeline.php(163): Illuminate\\Routing\\Middleware\\SubstituteBindings->handle(Object(Illuminate\\Http\\Request), Object(Closure))
#13 C:\\Users\\BUIQUOCHUY\\Desktop\\WEBEZJOB\\DoAnWebBE\\vendor\\laravel\\framework\\src\\Illuminate\\Routing\\Pipeline.php(53): Illuminate\\Pipeline\\Pipeline->Illuminate\\Pipeline\\{closure}(Object(Illuminate\\Http\\Request))
#14 C:\\Users\\BUIQUOCHUY\\Desktop\\WEBEZJOB\\DoAnWebBE\\vendor\\laravel\\framework\\src\\Illuminate\\Auth\\Middleware\\Authenticate.php(43): Illuminate\\Routing\\Pipeline->Illuminate\\Routing\\{closure}(Object(Illuminate\\Http\\Request))
#15 C:\\Users\\BUIQUOCHUY\\Desktop\\WEBEZJOB\\DoAnWebBE\\vendor\\laravel\\framework\\src\\Illuminate\\Pipeline\\Pipeline.php(163): Illuminate\\Auth\\Middleware\\Authenticate->handle(Object(Illuminate\\Http\\Request), Object(Closure))
#16 C:\\Users\\BUIQUOCHUY\\Desktop\\WEBEZJOB\\DoAnWebBE\\vendor\\laravel\\framework\\src\\Illuminate\\Routing\\Pipeline.php(53): Illuminate\\Pipeline\\Pipeline->Illuminate\\Pipeline\\{closure}(Object(Illuminate\\Http\\Request))
#17 C:\\Users\\BUIQUOCHUY\\Desktop\\WEBEZJOB\\DoAnWebBE\\vendor\\laravel\\framework\\src\\Illuminate\\Foundation\\Http\\Middleware\\VerifyCsrfToken.php(75): Illuminate\\Routing\\Pipeline->Illuminate\\Routing\\{closure}(Object(Illuminate\\Http\\Request))
#18 C:\\Users\\BUIQUOCHUY\\Desktop\\WEBEZJOB\\DoAnWebBE\\vendor\\laravel\\framework\\src\\Illuminate\\Pipeline\\Pipeline.php(163): Illuminate\\Foundation\\Http\\Middleware\\VerifyCsrfToken->handle(Object(Illuminate\\Http\\Request), Object(Closure))
#19 C:\\Users\\BUIQUOCHUY\\Desktop\\WEBEZJOB\\DoAnWebBE\\vendor\\laravel\\framework\\src\\Illuminate\\Routing\\Pipeline.php(53): Illuminate\\Pipeline\\Pipeline->Illuminate\\Pipeline\\{closure}(Object(Illuminate\\Http\\Request))
#20 C:\\Users\\BUIQUOCHUY\\Desktop\\WEBEZJOB\\DoAnWebBE\\vendor\\laravel\\framework\\src\\Illuminate\\View\\Middleware\\ShareErrorsFromSession.php(49): Illuminate\\Routing\\Pipeline->Illuminate\\Routing\\{closure}(Object(Illuminate\\Http\\Request))
#21 C:\\Users\\BUIQUOCHUY\\Desktop\\WEBEZJOB\\DoAnWebBE\\vendor\\laravel\\framework\\src\\Illuminate\\Pipeline\\Pipeline.php(163): Illuminate\\View\\Middleware\\ShareErrorsFromSession->handle(Object(Illuminate\\Http\\Request), Object(Closure))
#22 C:\\Users\\BUIQUOCHUY\\Desktop\\WEBEZJOB\\DoAnWebBE\\vendor\\laravel\\framework\\src\\Illuminate\\Routing\\Pipeline.php(53): Illuminate\\Pipeline\\Pipeline->Illuminate\\Pipeline\\{closure}(Object(Illuminate\\Http\\Request))
#23 C:\\Users\\BUIQUOCHUY\\Desktop\\WEBEZJOB\\DoAnWebBE\\vendor\\laravel\\framework\\src\\Illuminate\\Session\\Middleware\\StartSession.php(56): Illuminate\\Routing\\Pipeline->Illuminate\\Routing\\{closure}(Object(Illuminate\\Http\\Request))
#24 C:\\Users\\BUIQUOCHUY\\Desktop\\WEBEZJOB\\DoAnWebBE\\vendor\\laravel\\framework\\src\\Illuminate\\Pipeline\\Pipeline.php(163): Illuminate\\Session\\Middleware\\StartSession->handle(Object(Illuminate\\Http\\Request), Object(Closure))
#25 C:\\Users\\BUIQUOCHUY\\Desktop\\WEBEZJOB\\DoAnWebBE\\vendor\\laravel\\framework\\src\\Illuminate\\Routing\\Pipeline.php(53): Illuminate\\Pipeline\\Pipeline->Illuminate\\Pipeline\\{closure}(Object(Illuminate\\Http\\Request))
#26 C:\\Users\\BUIQUOCHUY\\Desktop\\WEBEZJOB\\DoAnWebBE\\vendor\\laravel\\framework\\src\\Illuminate\\Cookie\\Middleware\\AddQueuedCookiesToResponse.php(37): Illuminate\\Routing\\Pipeline->Illuminate\\Routing\\{closure}(Object(Illuminate\\Http\\Request))
#27 C:\\Users\\BUIQUOCHUY\\Desktop\\WEBEZJOB\\DoAnWebBE\\vendor\\laravel\\framework\\src\\Illuminate\\Pipeline\\Pipeline.php(163): Illuminate\\Cookie\\Middleware\\AddQueuedCookiesToResponse->handle(Object(Illuminate\\Http\\Request), Object(Closure))
#28 C:\\Users\\BUIQUOCHUY\\Desktop\\WEBEZJOB\\DoAnWebBE\\vendor\\laravel\\framework\\src\\Illuminate\\Routing\\Pipeline.php(53): Illuminate\\Pipeline\\Pipeline->Illuminate\\Pipeline\\{closure}(Object(Illuminate\\Http\\Request))
#29 C:\\Users\\BUIQUOCHUY\\Desktop\\WEBEZJOB\\DoAnWebBE\\vendor\\laravel\\framework\\src\\Illuminate\\Cookie\\Middleware\\EncryptCookies.php(66): Illuminate\\Routing\\Pipeline->Illuminate\\Routing\\{closure}(Object(Illuminate\\Http\\Request))
#30 C:\\Users\\BUIQUOCHUY\\Desktop\\WEBEZJOB\\DoAnWebBE\\vendor\\laravel\\framework\\src\\Illuminate\\Pipeline\\Pipeline.php(163): Illuminate\\Cookie\\Middleware\\EncryptCookies->handle(Object(Illuminate\\Http\\Request), Object(Closure))
#31 C:\\Users\\BUIQUOCHUY\\Desktop\\WEBEZJOB\\DoAnWebBE\\vendor\\laravel\\framework\\src\\Illuminate\\Routing\\Pipeline.php(53): Illuminate\\Pipeline\\Pipeline->Illuminate\\Pipeline\\{closure}(Object(Illuminate\\Http\\Request))
#32 C:\\Users\\BUIQUOCHUY\\Desktop\\WEBEZJOB\\DoAnWebBE\\vendor\\laravel\\framework\\src\\Illuminate\\Pipeline\\Pipeline.php(104): Illuminate\\Routing\\Pipeline->Illuminate\\Routing\\{closure}(Object(Illuminate\\Http\\Request))
#33 C:\\Users\\BUIQUOCHUY\\Desktop\\WEBEZJOB\\DoAnWebBE\\vendor\\laravel\\framework\\src\\Illuminate\\Routing\\Router.php(682): Illuminate\\Pipeline\\Pipeline->then(Object(Closure))
#34 C:\\Users\\BUIQUOCHUY\\Desktop\\WEBEZJOB\\DoAnWebBE\\vendor\\laravel\\framework\\src\\Illuminate\\Routing\\Router.php(657): Illuminate\\Routing\\Router->runRouteWithinStack(Object(Illuminate\\Routing\\Route), Object(Illuminate\\Http\\Request))
#35 C:\\Users\\BUIQUOCHUY\\Desktop\\WEBEZJOB\\DoAnWebBE\\vendor\\laravel\\framework\\src\\Illuminate\\Routing\\Router.php(623): Illuminate\\Routing\\Router->runRoute(Object(Illuminate\\Http\\Request), Object(Illuminate\\Routing\\Route))
#36 C:\\Users\\BUIQUOCHUY\\Desktop\\WEBEZJOB\\DoAnWebBE\\vendor\\laravel\\framework\\src\\Illuminate\\Routing\\Router.php(612): Illuminate\\Routing\\Router->dispatchToRoute(Object(Illuminate\\Http\\Request))
#37 C:\\Users\\BUIQUOCHUY\\Desktop\\WEBEZJOB\\DoAnWebBE\\vendor\\laravel\\framework\\src\\Illuminate\\Foundation\\Http\\Kernel.php(176): Illuminate\\Routing\\Router->dispatch(Object(Illuminate\\Http\\Request))
#38 C:\\Users\\BUIQUOCHUY\\Desktop\\WEBEZJOB\\DoAnWebBE\\vendor\\laravel\\framework\\src\\Illuminate\\Routing\\Pipeline.php(30): Illuminate\\Foundation\\Http\\Kernel->Illuminate\\Foundation\\Http\\{closure}(Object(Illuminate\\Http\\Request))
#39 C:\\Users\\BUIQUOCHUY\\Desktop\\WEBEZJOB\\DoAnWebBE\\vendor\\fideloper\\proxy\\src\\TrustProxies.php(57): Illuminate\\Routing\\Pipeline->Illuminate\\Routing\\{closure}(Object(Illuminate\\Http\\Request))
#40 C:\\Users\\BUIQUOCHUY\\Desktop\\WEBEZJOB\\DoAnWebBE\\vendor\\laravel\\framework\\src\\Illuminate\\Pipeline\\Pipeline.php(163): Fideloper\\Proxy\\TrustProxies->handle(Object(Illuminate\\Http\\Request), Object(Closure))
#41 C:\\Users\\BUIQUOCHUY\\Desktop\\WEBEZJOB\\DoAnWebBE\\vendor\\laravel\\framework\\src\\Illuminate\\Routing\\Pipeline.php(53): Illuminate\\Pipeline\\Pipeline->Illuminate\\Pipeline\\{closure}(Object(Illuminate\\Http\\Request))
#42 C:\\Users\\BUIQUOCHUY\\Desktop\\WEBEZJOB\\DoAnWebBE\\vendor\\laravel\\framework\\src\\Illuminate\\Foundation\\Http\\Middleware\\TransformsRequest.php(21): Illuminate\\Routing\\Pipeline->Illuminate\\Routing\\{closure}(Object(Illuminate\\Http\\Request))
#43 C:\\Users\\BUIQUOCHUY\\Desktop\\WEBEZJOB\\DoAnWebBE\\vendor\\laravel\\framework\\src\\Illuminate\\Pipeline\\Pipeline.php(163): Illuminate\\Foundation\\Http\\Middleware\\TransformsRequest->handle(Object(Illuminate\\Http\\Request), Object(Closure))
#44 C:\\Users\\BUIQUOCHUY\\Desktop\\WEBEZJOB\\DoAnWebBE\\vendor\\laravel\\framework\\src\\Illuminate\\Routing\\Pipeline.php(53): Illuminate\\Pipeline\\Pipeline->Illuminate\\Pipeline\\{closure}(Object(Illuminate\\Http\\Request))
#45 C:\\Users\\BUIQUOCHUY\\Desktop\\WEBEZJOB\\DoAnWebBE\\vendor\\laravel\\framework\\src\\Illuminate\\Foundation\\Http\\Middleware\\TransformsRequest.php(21): Illuminate\\Routing\\Pipeline->Illuminate\\Routing\\{closure}(Object(Illuminate\\Http\\Request))
#46 C:\\Users\\BUIQUOCHUY\\Desktop\\WEBEZJOB\\DoAnWebBE\\vendor\\laravel\\framework\\src\\Illuminate\\Pipeline\\Pipeline.php(163): Illuminate\\Foundation\\Http\\Middleware\\TransformsRequest->handle(Object(Illuminate\\Http\\Request), Object(Closure))
#47 C:\\Users\\BUIQUOCHUY\\Desktop\\WEBEZJOB\\DoAnWebBE\\vendor\\laravel\\framework\\src\\Illuminate\\Routing\\Pipeline.php(53): Illuminate\\Pipeline\\Pipeline->Illuminate\\Pipeline\\{closure}(Object(Illuminate\\Http\\Request))
#48 C:\\Users\\BUIQUOCHUY\\Desktop\\WEBEZJOB\\DoAnWebBE\\vendor\\laravel\\framework\\src\\Illuminate\\Foundation\\Http\\Middleware\\ValidatePostSize.php(27): Illuminate\\Routing\\Pipeline->Illuminate\\Routing\\{closure}(Object(Illuminate\\Http\\Request))
#49 C:\\Users\\BUIQUOCHUY\\Desktop\\WEBEZJOB\\DoAnWebBE\\vendor\\laravel\\framework\\src\\Illuminate\\Pipeline\\Pipeline.php(163): Illuminate\\Foundation\\Http\\Middleware\\ValidatePostSize->handle(Object(Illuminate\\Http\\Request), Object(Closure))
#50 C:\\Users\\BUIQUOCHUY\\Desktop\\WEBEZJOB\\DoAnWebBE\\vendor\\laravel\\framework\\src\\Illuminate\\Routing\\Pipeline.php(53): Illuminate\\Pipeline\\Pipeline->Illuminate\\Pipeline\\{closure}(Object(Illuminate\\Http\\Request))
#51 C:\\Users\\BUIQUOCHUY\\Desktop\\WEBEZJOB\\DoAnWebBE\\vendor\\laravel\\framework\\src\\Illuminate\\Foundation\\Http\\Middleware\\CheckForMaintenanceMode.php(62): Illuminate\\Routing\\Pipeline->Illuminate\\Routing\\{closure}(Object(Illuminate\\Http\\Request))
#52 C:\\Users\\BUIQUOCHUY\\Desktop\\WEBEZJOB\\DoAnWebBE\\vendor\\laravel\\framework\\src\\Illuminate\\Pipeline\\Pipeline.php(163): Illuminate\\Foundation\\Http\\Middleware\\CheckForMaintenanceMode->handle(Object(Illuminate\\Http\\Request), Object(Closure))
#53 C:\\Users\\BUIQUOCHUY\\Desktop\\WEBEZJOB\\DoAnWebBE\\vendor\\laravel\\framework\\src\\Illuminate\\Routing\\Pipeline.php(53): Illuminate\\Pipeline\\Pipeline->Illuminate\\Pipeline\\{closure}(Object(Illuminate\\Http\\Request))
#54 C:\\Users\\BUIQUOCHUY\\Desktop\\WEBEZJOB\\DoAnWebBE\\vendor\\laravel\\framework\\src\\Illuminate\\Pipeline\\Pipeline.php(104): Illuminate\\Routing\\Pipeline->Illuminate\\Routing\\{closure}(Object(Illuminate\\Http\\Request))
#55 C:\\Users\\BUIQUOCHUY\\Desktop\\WEBEZJOB\\DoAnWebBE\\vendor\\laravel\\framework\\src\\Illuminate\\Foundation\\Http\\Kernel.php(151): Illuminate\\Pipeline\\Pipeline->then(Object(Closure))
#56 C:\\Users\\BUIQUOCHUY\\Desktop\\WEBEZJOB\\DoAnWebBE\\vendor\\laravel\\framework\\src\\Illuminate\\Foundation\\Http\\Kernel.php(116): Illuminate\\Foundation\\Http\\Kernel->sendRequestThroughRouter(Object(Illuminate\\Http\\Request))
#57 C:\\Users\\BUIQUOCHUY\\Desktop\\WEBEZJOB\\DoAnWebBE\\public\\index.php(55): Illuminate\\Foundation\\Http\\Kernel->handle(Object(Illuminate\\Http\\Request))
#58 C:\\Users\\BUIQUOCHUY\\Desktop\\WEBEZJOB\\DoAnWebBE\\server.php(21): require_once('C:\\\\Users\\\\BUIQUO...')
#59 {main}
"} 
